TN:
SF:/Users/leo/Code/djvu-rs/crates/djvu-bitmap/src/lib.rs
FN:27,Bitmap::new
FN:38,Bitmap::row_stride
FN:42,Bitmap::compute_row_stride
FN:49,Bitmap::get
FN:59,Bitmap::set
FN:72,Bitmap::set_black
FN:82,Bitmap::dilate
FN:107,Bitmap::to_pbm
FN:129,Bitmap::dilate_n
FNF:9
FNDA:12559,Bitmap::new
FNDA:1562685355,Bitmap::row_stride
FNDA:1562697914,Bitmap::compute_row_stride
FNDA:1537842687,Bitmap::get
FNDA:23063565,Bitmap::set
FNDA:1510879,Bitmap::set_black
FNDA:6,Bitmap::dilate
FNDA:7,Bitmap::to_pbm
FNDA:8,Bitmap::dilate_n
DA:27,12559
DA:28,37677
DA:32,25118
DA:38,1562685355
DA:39,3125370710
DA:42,1562697914
DA:43,3125395828
DA:49,1537842687
DA:50,4613528061
DA:51,4613528061
DA:52,3075685374
DA:53,3075685374
DA:54,1537842687
DA:59,23063565
DA:60,69190695
DA:61,69190695
DA:62,46127130
DA:63,46127130
DA:64,38341877
DA:65,15278312
DA:67,7785253
DA:72,1510879
DA:73,4532637
DA:74,3021758
DA:75,3021758
DA:76,1510879
DA:82,6
DA:83,18
DA:84,122
DA:85,2372
DA:86,9024
DA:87,66
DA:88,96
DA:90,67
DA:91,99
DA:93,66
DA:94,96
DA:96,67
DA:97,99
DA:102,6
DA:107,7
DA:108,21
DA:109,21
DA:110,35
DA:111,21
DA:113,25417
DA:114,38115
DA:115,63525
DA:117,7
DA:129,8
DA:130,8
DA:131,1
DA:133,14
DA:134,14
DA:135,21
DA:136,14
DA:138,14
DA:139,21
DA:141,7
DA:142,13044
DA:143,6512
DA:146,400
DA:147,780
DA:149,6902
DA:150,19536
DA:151,6512
DA:152,4670
DA:155,3684
DA:156,3684
DA:157,3684
DA:160,3682
DA:161,3680
DA:164,3676
DA:165,3668
DA:169,3681
DA:170,3678
DA:173,3679
DA:174,3674
DA:179,30
LF:79
LH:79
end_of_record
TN:
SF:/Users/leo/Code/djvu-rs/crates/djvu-bzz/src/decode.rs
FN:57,bzz_decode
FNF:1
FNDA:386,bzz_decode
DA:57,386
DA:58,1158
DA:59,764
DA:60,764
DA:63,2286
DA:64,762
DA:65,380
DA:67,764
DA:68,382
DA:69,1
DA:71,1905
DA:72,1140
DA:73,0
DA:75,1140
DA:78,380
DA:136,1
DA:137,2
DA:145,762
DA:146,1524
DA:147,1524
DA:148,37338
DA:149,54864
DA:150,18288
DA:152,762
DA:174,381
DA:179,2285
DA:180,1140
DA:192,381
DA:200,762
DA:201,762
DA:202,1143
DA:203,762
DA:204,762
DA:205,762
DA:206,762
DA:209,0
DA:210,0
DA:211,0
DA:212,0
DA:213,0
DA:216,0
DA:217,0
DA:218,0
DA:219,0
DA:220,0
DA:224,0
DA:225,0
DA:226,0
DA:227,0
DA:228,0
DA:229,0
DA:230,0
DA:231,0
DA:232,0
DA:234,0
DA:240,0
DA:241,0
DA:242,0
DA:243,0
DA:244,0
DA:245,0
DA:246,0
DA:247,0
DA:249,0
DA:250,0
DA:251,0
DA:252,0
DA:253,0
DA:254,0
DA:255,0
DA:256,0
DA:257,0
DA:259,0
DA:260,0
DA:262,0
DA:263,0
DA:264,0
DA:265,0
DA:266,0
DA:268,0
DA:269,0
DA:277,0
DA:278,0
DA:279,0
DA:280,0
DA:281,0
DA:282,0
DA:283,0
DA:284,0
DA:285,0
DA:287,0
DA:288,0
DA:289,0
DA:290,0
DA:291,0
DA:293,0
DA:294,0
DA:301,0
DA:302,0
DA:303,0
DA:304,0
DA:305,0
DA:306,0
DA:307,0
DA:308,0
DA:310,0
DA:315,1143
DA:316,381
DA:317,1
DA:318,2
DA:319,1
DA:324,98679
DA:325,762
DA:326,1143
DA:327,1143
DA:328,1143
DA:330,1143
DA:332,1714746
DA:333,2570976
DA:335,0
DA:336,2570976
DA:338,1406497
DA:339,434040
DA:341,422952
DA:342,507068
DA:343,41417
DA:345,381535
DA:346,424870
DA:347,221560
DA:349,270755
DA:350,310426
DA:351,83236
DA:353,229137
DA:354,265123
DA:355,82742
DA:357,187766
DA:358,223414
DA:359,70360
DA:361,152586
DA:362,195424
DA:363,84660
DA:365,110256
DA:366,141962
DA:367,107924
DA:369,56294
DA:370,58707
DA:371,0
DA:372,111828
DA:374,380
DA:385,856992
DA:387,857372
DA:388,380
DA:389,380
DA:391,1713224
DA:392,1713224
DA:393,1713224
DA:394,856612
DA:396,2569836
DA:397,856612
DA:398,33622
DA:399,336220
DA:400,134488
DA:404,1713224
DA:405,1442849
DA:406,1172474
DA:409,1713224
DA:410,19635902
DA:411,18779290
DA:412,37558580
DA:413,56337870
DA:414,37558580
DA:415,37558580
DA:416,18779290
DA:418,1950040
DA:419,2186856
DA:420,2186856
DA:421,2186856
DA:422,1093428
DA:423,1093428
DA:424,2186856
DA:425,3280284
DA:426,2186856
DA:427,2186856
DA:428,1093428
DA:429,2186856
DA:430,3280284
DA:431,1093428
DA:433,0
DA:436,856612
DA:437,1713224
DA:438,2569836
DA:439,3426448
DA:440,856612
DA:446,381
DA:447,381
DA:448,381
DA:449,381
DA:450,381
DA:451,381
DA:453,1524
DA:454,380
DA:463,380
DA:464,1140
DA:465,380
DA:466,0
DA:470,760
DA:472,1140
DA:474,791856
DA:475,791476
DA:476,380
DA:478,1582192
DA:480,1582192
DA:481,791096
DA:486,760
DA:487,760
DA:488,292980
DA:489,194560
DA:490,97280
DA:494,760
DA:495,1140
DA:496,760
DA:497,760
DA:499,1582572
DA:500,2373288
DA:501,2373288
DA:502,2373288
DA:503,1582192
DA:504,1582192
DA:506,791096
DA:509,380
LF:230
LH:154
end_of_record
TN:
SF:/Users/leo/Code/djvu-rs/crates/djvu-bzz/src/encode.rs
FN:28,bzz_encode
FN:51,encode_raw_bits
FN:65,encode_context_bits
FN:84,encode_one_block
FN:165,encode_mtf_position
FN:257,forward_bwt
FN:287,suffix_array_of_bwt_string
FNF:7
FNDA:89,bzz_encode
FNDA:176,encode_raw_bits
FNDA:102921,encode_context_bits
FNDA:87,encode_one_block
FNDA:121481,encode_mtf_position
FNDA:87,forward_bwt
FNDA:87,suffix_array_of_bwt_string
DA:28,89
DA:29,178
DA:30,178
DA:33,178
DA:34,439
DA:35,522
DA:36,348
DA:37,348
DA:38,87
DA:42,178
DA:44,178
DA:51,176
DA:56,8800
DA:57,12672
DA:58,8448
DA:65,102921
DA:72,308763
DA:73,205842
DA:74,205842
DA:75,205842
DA:76,1327622
DA:77,1682670
DA:78,2804450
DA:79,560890
DA:84,87
DA:86,261
DA:89,261
DA:90,261
DA:94,174
DA:97,22533
DA:99,22533
DA:100,174
DA:101,261
DA:102,261
DA:104,243136
DA:105,364443
DA:107,242962
DA:108,87
DA:110,121394
DA:113,607405
DA:114,121481
DA:116,121481
DA:117,242788
DA:120,242788
DA:121,121394
DA:122,5017
DA:123,50170
DA:124,20068
DA:128,242788
DA:129,141679
DA:130,40570
DA:134,242788
DA:135,20446334
DA:136,30487410
DA:137,20324940
DA:138,10162470
DA:139,10162470
DA:141,430329
DA:142,617870
DA:143,617870
DA:144,926805
DA:145,617870
DA:146,617870
DA:147,308935
DA:148,308935
DA:150,0
DA:153,121394
DA:154,121394
DA:155,242788
DA:156,121394
DA:165,121481
DA:166,364443
DA:169,121481
DA:170,52137
DA:171,17379
DA:173,312306
DA:174,104102
DA:177,104102
DA:178,3282
DA:179,1094
DA:181,309024
DA:182,103008
DA:185,103008
DA:186,5436
DA:187,9060
DA:188,1812
DA:190,303588
DA:191,101196
DA:194,101196
DA:195,9984
DA:196,16640
DA:197,3328
DA:199,293604
DA:200,97868
DA:203,97868
DA:204,19620
DA:205,32700
DA:206,6540
DA:208,273984
DA:209,91328
DA:212,91328
DA:213,36354
DA:214,60590
DA:215,12118
DA:217,237630
DA:218,79210
DA:221,79210
DA:222,65736
DA:223,109560
DA:224,21912
DA:226,171894
DA:227,57298
DA:230,57298
DA:231,77121
DA:232,128535
DA:233,25707
DA:235,94773
DA:236,31591
DA:239,31591
DA:240,94512
DA:241,157520
DA:242,31504
DA:244,261
DA:257,87
DA:258,261
DA:259,87
DA:260,0
DA:265,174
DA:266,261
DA:269,261
DA:270,174
DA:271,243136
DA:272,121568
DA:273,174
DA:274,87
DA:275,121568
DA:276,174
DA:278,242614
DA:282,87
DA:287,87
DA:288,261
DA:289,174
DA:292,261
DA:293,242875
DA:294,121394
DA:297,348
DA:298,261
DA:299,261
DA:300,174
DA:304,174
DA:305,364530
DA:306,121481
DA:308,174
DA:309,44892
DA:310,67077
DA:311,22359
DA:312,22359
DA:314,243049
DA:315,364443
DA:316,121481
DA:319,174
DA:320,121481
DA:321,242788
DA:322,849758
DA:324,174
DA:325,174
DA:326,5
DA:330,318
DA:331,954
DA:335,1732322
DA:336,3464008
DA:337,3464008
DA:341,954
DA:342,1043582
DA:343,1043264
DA:345,636
DA:346,355796
DA:347,532740
DA:348,177580
DA:349,177580
DA:351,1043582
DA:352,1564896
DA:353,1564896
DA:354,521632
DA:358,636
DA:359,954
DA:360,1565214
DA:361,1043264
DA:363,318
DA:364,355796
DA:365,532740
DA:366,177580
DA:367,177580
DA:369,1565214
DA:370,1564896
DA:371,1564896
DA:372,521632
DA:376,636
DA:377,521632
DA:378,1042628
DA:379,1042628
DA:380,2252682
DA:381,2085256
DA:383,636
DA:385,636
DA:386,82
DA:388,236
DA:391,82
LF:208
LH:206
end_of_record
TN:
SF:/Users/leo/Code/djvu-rs/crates/djvu-bzz/src/lib.rs
FN:57,<impl From for BzzError>::from
FNF:1
FNDA:4,<impl From for BzzError>::from
DA:57,4
DA:58,4
LF:2
LH:2
end_of_record
TN:
SF:/Users/leo/Code/djvu-rs/crates/djvu-iff/src/lib.rs
FN:95,<impl Display for LegacyError>::fmt
FN:149,Chunk::data
FN:157,Chunk::children
FN:169,Chunk::payload_length
FN:177,Chunk::find_first
FN:185,Chunk::find_all
FN:205,parse
FN:224,parse_chunk
FN:288,parse_children
FN:315,emit
FN:322,emit_chunk
FN:326,emit_chunk_inner
FN:381,emitted_size
FN:385,emitted_size_inner
FN:439,partial_emit
FN:460,partial_emit_with_offsets
FN:541,parse_form
FN:595,parse_form_body
FN:636,read_4
FN:644,read_u32_be
FN:653,dump
FN:660,dump_chunk
FNF:22
FNDA:6,<impl Display for LegacyError>::fmt
FNDA:16,Chunk::data
FNDA:63,Chunk::children
FNDA:2,Chunk::payload_length
FNDA:12,Chunk::find_first
FNDA:3,Chunk::find_all
FNDA:107,parse
FNDA:15841,parse_chunk
FNDA:2122,parse_children
FNDA:52,emit
FNDA:106,emit_chunk
FNDA:7977,emit_chunk_inner
FNDA:894,emitted_size
FNDA:7738,emitted_size_inner
FNDA:142,partial_emit
FNDA:151,partial_emit_with_offsets
FNDA:308,parse_form
FNDA:2153,parse_form_body
FNDA:37126,read_4
FNDA:18260,read_u32_be
FNDA:8,dump
FNDA:1335,dump_chunk
DA:95,6
DA:96,6
DA:97,3
DA:98,3
DA:99,3
DA:100,4
DA:101,4
DA:102,4
DA:149,16
DA:150,16
DA:151,1
DA:152,30
DA:157,63
DA:158,63
DA:159,118
DA:160,4
DA:169,2
DA:170,2
DA:171,2
DA:172,2
DA:177,12
DA:178,48
DA:179,46
DA:180,1
DA:185,3
DA:186,3
DA:188,15
DA:189,18
DA:190,3
DA:205,107
DA:206,107
DA:207,2
DA:210,315
DA:211,206
DA:214,2
DA:216,105
DA:218,315
DA:219,102
DA:224,15841
DA:225,31682
DA:226,1
DA:229,47520
DA:230,31680
DA:231,31680
DA:232,15840
DA:233,15840
DA:235,47520
DA:236,31680
DA:237,31680
DA:238,15840
DA:239,15840
DA:242,31680
DA:243,31680
DA:245,31680
DA:246,1
DA:250,31678
DA:251,31678
DA:253,15839
DA:254,2123
DA:255,1
DA:257,6366
DA:258,4244
DA:259,4244
DA:260,2122
DA:261,2122
DA:264,4244
DA:265,10610
DA:267,2122
DA:268,2122
DA:269,4244
DA:270,2122
DA:271,2122
DA:273,2122
DA:276,54864
DA:277,13716
DA:278,13716
DA:279,13716
DA:280,13716
DA:282,13716
DA:288,2122
DA:289,4244
DA:290,4244
DA:292,17858
DA:293,15737
DA:295,1
DA:297,78680
DA:298,47208
DA:299,15736
DA:302,2122
DA:315,52
DA:316,104
DA:317,156
DA:318,156
DA:319,52
DA:322,106
DA:323,318
DA:326,7977
DA:327,7977
DA:329,1067
DA:330,1067
DA:331,1067
DA:341,2134
DA:342,3201
DA:343,3201
DA:344,3201
DA:345,17876
DA:346,15742
DA:347,32548
DA:349,2134
DA:350,3201
DA:351,3201
DA:352,3201
DA:355,2134
DA:356,2229
DA:357,97
DA:360,13820
DA:361,13820
DA:362,20730
DA:363,20730
DA:364,20730
DA:365,13820
DA:366,16182
DA:367,2459
DA:381,894
DA:382,1788
DA:385,7738
DA:386,7738
DA:388,1025
DA:389,1025
DA:392,2050
DA:393,3075
DA:394,2050
DA:395,15738
DA:396,13688
DA:397,21555
DA:399,2050
DA:400,4098
DA:402,6713
DA:403,13426
DA:404,26755
DA:439,142
DA:440,568
DA:460,151
DA:468,302
DA:469,453
DA:470,604
DA:471,721
DA:472,855
DA:473,285
DA:474,208
DA:475,208
DA:476,624
DA:477,215
DA:478,7
DA:481,25
DA:482,125
DA:483,75
DA:484,75
DA:485,75
DA:486,26
DA:487,1
DA:492,755
DA:493,453
DA:494,453
DA:495,453
DA:496,453
DA:497,453
DA:500,151
DA:501,0
DA:503,151
DA:541,308
DA:543,308
DA:544,3
DA:548,915
DA:549,305
DA:550,2
DA:554,909
DA:555,303
DA:556,1
DA:560,906
DA:563,1510
DA:564,604
DA:565,1
DA:566,2
DA:567,2
DA:568,2
DA:573,301
DA:574,1
DA:576,900
DA:579,1800
DA:581,900
DA:583,299
DA:595,2153
DA:596,4306
DA:598,20110
DA:599,53874
DA:600,53874
DA:602,35916
DA:603,35916
DA:604,35916
DA:605,35916
DA:607,35916
DA:608,1
DA:609,2
DA:610,2
DA:611,3
DA:615,107742
DA:616,53871
DA:617,17957
DA:618,17957
DA:622,35914
DA:623,35914
DA:624,35914
DA:625,35914
DA:628,125699
DA:631,2152
DA:636,37126
DA:637,111378
DA:638,148504
DA:639,74252
DA:644,18260
DA:645,73040
DA:646,18260
DA:653,8
DA:654,16
DA:655,24
DA:656,8
DA:660,1335
DA:661,5340
DA:662,1335
DA:664,164
DA:665,164
DA:666,164
DA:668,820
DA:669,492
DA:670,4145
DA:671,3981
DA:674,3513
DA:675,7026
DA:676,5855
LF:240
LH:239
end_of_record
TN:
SF:/Users/leo/Code/djvu-rs/crates/djvu-iw44/src/encode.rs
FN:68,lift
FN:76,pred_inner_fwd
FN:83,pred_avg_fwd
FN:94,forward_row_neon_s1_row
FN:291,forward_row_pass
FN:394,forward_col_predict_neon
FN:445,forward_col_lift_neon_row
FN:508,forward_col_pass
FN:649,forward_wavelet_transform
FN:669,rgb_to_ycbcr
FN:712,prelim_flags_bucket_enc_neon
FN:757,prelim_flags_band0_enc_neon
FN:822,PlaneEncoder::new
FN:845,PlaneEncoder::gather
FN:871,PlaneEncoder::is_null_slice
FN:891,PlaneEncoder::preliminary_flag_computation
FN:952,PlaneEncoder::encode_slice
FN:973,PlaneEncoder::block_band_encoding_pass
FN:995,PlaneEncoder::any_unk_activates
FN:1018,PlaneEncoder::bucket_encoding_pass
FN:1066,PlaneEncoder::newly_active_encoding_pass
FN:1116,PlaneEncoder::previously_active_encoding_pass
FN:1173,PlaneEncoder::finish_slice
FN:1205,<impl Default for Iw44EncodeOptions>::default
FN:1219,encode_iw44_color
FN:1347,encode_iw44_gray
FN:1374,encode_chunks
FNF:27
FNDA:115038,lift
FNDA:105794,pred_inner_fwd
FNDA:9110,pred_avg_fwd
FNDA:1688,forward_row_neon_s1_row
FNDA:230,forward_row_pass
FNDA:745,forward_col_predict_neon
FNDA:848,forward_col_lift_neon_row
FNDA:230,forward_col_pass
FNDA:46,forward_wavelet_transform
FNDA:6722,rgb_to_ycbcr
FNDA:70200,prelim_flags_bucket_enc_neon
FNDA:1969,prelim_flags_band0_enc_neon
FNDA:44,PlaneEncoder::new
FNDA:44,PlaneEncoder::gather
FNDA:3545,PlaneEncoder::is_null_slice
FNDA:12499,PlaneEncoder::preliminary_flag_computation
FNDA:3545,PlaneEncoder::encode_slice
FNDA:12499,PlaneEncoder::block_band_encoding_pass
FNDA:3254,PlaneEncoder::any_unk_activates
FNDA:9307,PlaneEncoder::bucket_encoding_pass
FNDA:9307,PlaneEncoder::newly_active_encoding_pass
FNDA:1548,PlaneEncoder::previously_active_encoding_pass
FNDA:3545,PlaneEncoder::finish_slice
FNDA:16,<impl Default for Iw44EncodeOptions>::default
FNDA:13,encode_iw44_color
FNDA:3,encode_iw44_gray
FNDA:16,encode_chunks
DA:68,115038
DA:69,230076
DA:70,230076
DA:71,230076
DA:76,105794
DA:77,211588
DA:78,317382
DA:83,9110
DA:84,18220
DA:94,1688
DA:97,3376
DA:98,5064
DA:99,8440
DA:101,5064
DA:106,1688
DA:107,5064
DA:108,3376
DA:109,3372
DA:110,6736
DA:111,6736
DA:112,5052
DA:114,20
DA:119,3376
DA:120,4608
DA:122,152
DA:125,20120
DA:126,73728
DA:127,73728
DA:130,73728
DA:132,36864
DA:133,73728
DA:134,73728
DA:135,73728
DA:147,36864
DA:148,55296
DA:149,55296
DA:150,55296
DA:151,55296
DA:152,55296
DA:154,36864
DA:155,36864
DA:156,36864
DA:157,36864
DA:158,36864
DA:159,36864
DA:161,110592
DA:164,92160
DA:168,1688
DA:169,3340
DA:170,6680
DA:171,6680
DA:172,3340
DA:173,4944
DA:175,22
DA:177,3340
DA:178,25236
DA:179,47132
DA:180,23566
DA:181,23566
DA:182,23566
DA:183,60780
DA:185,3306
DA:187,47132
DA:188,43826
DA:189,60780
DA:190,60780
DA:191,81040
DA:192,60780
DA:193,25214
DA:194,6592
DA:195,4944
DA:197,8290
DA:199,23566
DA:205,3376
DA:207,20120
DA:208,73728
DA:209,73728
DA:210,36864
DA:211,36864
DA:212,36864
DA:214,73728
DA:215,36864
DA:216,73728
DA:217,73728
DA:229,36864
DA:230,55296
DA:231,55296
DA:232,55296
DA:233,55296
DA:234,55296
DA:236,36864
DA:237,36864
DA:238,36864
DA:239,36864
DA:240,36864
DA:241,36864
DA:243,110592
DA:245,92160
DA:247,18432
DA:252,3376
DA:253,3376
DA:254,1280
DA:256,408
DA:258,3376
DA:259,1280
DA:261,408
DA:263,3376
DA:264,5064
DA:266,0
DA:268,3376
DA:269,26968
DA:270,50560
DA:271,25280
DA:272,25280
DA:273,25280
DA:274,70698
DA:276,1714
DA:278,50560
DA:279,50560
DA:280,50560
DA:281,101120
DA:282,75840
DA:283,25280
DA:291,230
DA:292,460
DA:293,460
DA:294,690
DA:298,230
DA:299,1826
DA:302,5064
DA:305,46
DA:308,2186
DA:309,3268
DA:312,1634
DA:314,3104
DA:315,3104
DA:316,3046
DA:317,4482
DA:318,5976
DA:320,116
DA:324,3104
DA:325,54448
DA:326,158688
DA:327,158688
DA:328,158688
DA:329,158688
DA:330,105792
DA:331,105792
DA:333,0
DA:335,105792
DA:336,105792
DA:337,105792
DA:338,158688
DA:339,317376
DA:340,52896
DA:344,4442
DA:345,8670
DA:346,8670
DA:347,5780
DA:348,4302
DA:349,5648
DA:350,4236
DA:351,5648
DA:353,2956
DA:355,2890
DA:361,4902
DA:362,4902
DA:363,4902
DA:364,1552
DA:366,82
DA:368,3268
DA:369,59070
DA:370,114872
DA:371,111572
DA:373,1650
DA:375,172308
DA:376,344616
DA:377,57436
DA:378,57436
DA:379,57436
DA:380,57436
DA:394,745
DA:404,2235
DA:405,1490
DA:406,1490
DA:407,42669
DA:408,125772
DA:409,125772
DA:410,125772
DA:411,125772
DA:412,125772
DA:413,188658
DA:414,146734
DA:415,188658
DA:416,146734
DA:417,125772
DA:418,125772
DA:419,167696
DA:420,167696
DA:421,146734
DA:422,146734
DA:423,20962
DA:425,749
DA:426,10
DA:427,10
DA:428,10
DA:429,10
DA:430,8
DA:431,14
DA:432,2
DA:445,848
DA:456,2544
DA:457,2544
DA:458,2544
DA:459,2544
DA:460,1696
DA:461,1696
DA:462,22420
DA:463,86288
DA:464,86288
DA:465,86288
DA:466,43144
DA:467,85472
DA:469,204
DA:471,107860
DA:472,172576
DA:473,129432
DA:474,172576
DA:475,129432
DA:476,107860
DA:477,107860
DA:478,151004
DA:479,151004
DA:480,129432
DA:481,151004
DA:483,107860
DA:484,107860
DA:485,107860
DA:486,21572
DA:489,1005
DA:490,471
DA:491,471
DA:492,471
DA:493,314
DA:494,165
DA:496,102
DA:498,628
DA:499,1099
DA:500,471
DA:501,471
DA:502,471
DA:503,157
DA:508,230
DA:509,460
DA:510,460
DA:511,690
DA:512,460
DA:515,230
DA:517,260
DA:518,130
DA:519,188
DA:520,6614
DA:521,9498
DA:522,9498
DA:523,12664
DA:526,300
DA:527,288
DA:528,192
DA:533,260
DA:534,1456
DA:535,2652
DA:536,2652
DA:537,2652
DA:538,2652
DA:539,2652
DA:541,1326
DA:545,4470
DA:548,745
DA:549,745
DA:551,107535
DA:552,158688
DA:553,158688
DA:554,158688
DA:555,158688
DA:556,105792
DA:557,264480
DA:559,581
DA:563,282
DA:564,304
DA:565,304
DA:566,152
DA:567,128
DA:568,6268
DA:569,9114
DA:570,9114
DA:571,12152
DA:574,6560
DA:575,9444
DA:576,6296
DA:579,152
DA:586,230
DA:587,184
DA:588,184
DA:589,138
DA:590,168
DA:592,8
DA:594,92
DA:595,894
DA:596,1696
DA:597,1696
DA:598,2544
DA:602,5936
DA:605,848
DA:607,46
DA:610,736
DA:611,736
DA:612,736
DA:613,552
DA:614,176
DA:615,88
DA:616,176
DA:617,1636
DA:620,192
DA:623,368
DA:624,1050
DA:625,1732
DA:626,1732
DA:627,2598
DA:629,118354
DA:630,114890
DA:631,114890
DA:632,114890
DA:633,172335
DA:634,114890
DA:635,344670
DA:636,57445
DA:637,57445
DA:638,57445
DA:640,866
DA:649,46
DA:650,92
DA:651,506
DA:652,1610
DA:653,1380
DA:654,230
DA:669,6722
DA:670,13444
DA:671,13444
DA:672,13444
DA:673,13444
DA:674,13444
DA:675,13444
DA:677,13444
DA:678,13444
DA:679,6722
DA:712,70200
DA:718,351000
DA:719,210600
DA:720,280800
DA:721,280800
DA:722,280800
DA:724,140400
DA:725,280800
DA:726,280800
DA:727,280800
DA:728,280800
DA:730,421200
DA:731,421200
DA:732,421200
DA:733,210600
DA:736,140400
DA:737,140400
DA:738,421200
DA:739,280800
DA:741,210600
DA:742,210600
DA:743,280800
DA:744,421200
DA:745,421200
DA:746,421200
DA:747,140400
DA:757,1969
DA:760,7876
DA:761,3938
DA:762,7876
DA:763,5907
DA:765,5907
DA:766,5907
DA:767,7876
DA:768,7876
DA:769,7876
DA:770,3938
DA:771,7876
DA:772,7876
DA:773,7876
DA:774,7876
DA:775,11814
DA:776,11814
DA:777,11814
DA:778,5907
DA:779,3938
DA:780,3938
DA:781,11814
DA:783,9845
DA:784,7876
DA:786,5907
DA:787,5907
DA:788,7876
DA:789,11814
DA:790,11814
DA:791,11814
DA:792,3938
DA:822,44
DA:823,132
DA:824,132
DA:825,88
DA:827,176
DA:828,176
DA:833,88
DA:834,88
DA:835,88
DA:836,88
DA:837,44
DA:838,44
DA:845,44
DA:853,132
DA:854,106
DA:855,270
DA:856,624
DA:857,416
DA:858,416
DA:859,639600
DA:860,851968
DA:861,851968
DA:862,638976
DA:864,425984
DA:871,3545
DA:872,3545
DA:873,712
DA:874,11748
DA:875,11392
DA:876,5696
DA:877,15799
DA:878,4407
DA:879,4407
DA:882,356
DA:884,6378
DA:885,6378
DA:891,12499
DA:892,12499
DA:893,37497
DA:894,12499
DA:895,231660
DA:896,210600
DA:902,140400
DA:903,140400
DA:904,140400
DA:908,70200
DA:909,70200
DA:910,70200
DA:911,70200
DA:912,70200
DA:914,70200
DA:916,70200
DA:917,70200
DA:919,70200
DA:921,70200
DA:922,70200
DA:930,7876
DA:933,1969
DA:934,1969
DA:935,1969
DA:936,1969
DA:937,1969
DA:938,1969
DA:940,1969
DA:943,1969
DA:945,1969
DA:947,1969
DA:948,1969
DA:952,3545
DA:953,3545
DA:954,16883
DA:955,37497
DA:956,62495
DA:957,21806
DA:958,46535
DA:959,27921
DA:961,14047
DA:962,4644
DA:966,7090
DA:973,12499
DA:974,37497
DA:975,24998
DA:977,12499
DA:978,19068
DA:980,12499
DA:982,19524
DA:983,13016
DA:984,3316
DA:985,62
DA:987,18551
DA:988,9245
DA:990,12499
DA:995,3254
DA:996,6508
DA:997,109466
DA:998,1697311
DA:999,822947
DA:1000,0
DA:1002,2468841
DA:1003,1645894
DA:1004,0
DA:1006,822947
DA:1008,1645894
DA:1009,822947
DA:1010,62
DA:1014,3192
DA:1018,9307
DA:1019,27921
DA:1020,18614
DA:1021,60808
DA:1022,21097
DA:1023,0
DA:1026,63291
DA:1027,21097
DA:1028,38256
DA:1029,114768
DA:1030,84820
DA:1031,8308
DA:1034,19948
DA:1035,820
DA:1038,23728
DA:1039,2631
DA:1042,372462
DA:1043,309171
DA:1044,8934
DA:1046,900711
DA:1047,600474
DA:1048,9463
DA:1050,290774
DA:1052,600474
DA:1053,300237
DA:1055,23532
DA:1056,2435
DA:1058,84388
DA:1066,9307
DA:1067,27921
DA:1068,18614
DA:1069,60808
DA:1070,21097
DA:1071,18662
DA:1073,7305
DA:1074,1135
DA:1076,1300
DA:1078,7305
DA:1079,80355
DA:1080,71161
DA:1081,32201
DA:1084,80355
DA:1085,38960
DA:1086,96603
DA:1087,44576
DA:1088,12375
DA:1090,96603
DA:1091,64402
DA:1092,64402
DA:1096,96603
DA:1097,128804
DA:1098,32201
DA:1099,11550
DA:1100,17325
DA:1102,11550
DA:1103,5775
DA:1104,11550
DA:1105,5775
DA:1107,32201
DA:1116,1548
DA:1117,4644
DA:1118,3096
DA:1119,8358
DA:1120,86823
DA:1121,42096
DA:1122,35809
DA:1124,11474
DA:1125,5187
DA:1127,18861
DA:1128,12574
DA:1129,12574
DA:1130,12574
DA:1131,12574
DA:1132,12574
DA:1152,12574
DA:1153,9095
DA:1154,8424
DA:1155,5616
DA:1156,8424
DA:1158,6958
DA:1159,6958
DA:1161,6717
DA:1162,430
DA:1164,5857
DA:1167,18861
DA:1168,18861
DA:1173,3545
DA:1174,3545
DA:1175,3545
DA:1176,17444
DA:1177,5696
DA:1180,3545
DA:1181,3898
DA:1182,353
DA:1205,16
DA:1219,13
DA:1220,26
DA:1221,26
DA:1222,26
DA:1223,26
DA:1225,39
DA:1227,39
DA:1228,36
DA:1230,1
DA:1232,26
DA:1233,26
DA:1234,39
DA:1235,39
DA:1243,13
DA:1248,168
DA:1249,312
DA:1250,11552
DA:1251,39886
DA:1252,39886
DA:1253,17094
DA:1254,17094
DA:1255,17094
DA:1256,17094
DA:1257,11396
DA:1261,33
DA:1262,64
DA:1263,2080
DA:1264,7168
DA:1265,7168
DA:1266,3072
DA:1267,3072
DA:1268,2048
DA:1321,52
DA:1322,78
DA:1323,78
DA:1324,78
DA:1325,65
DA:1326,65
DA:1327,65
DA:1328,65
DA:1329,65
DA:1330,65
DA:1331,26
DA:1335,13
DA:1336,13
DA:1337,13
DA:1338,13
DA:1339,13
DA:1341,13
DA:1347,3
DA:1348,6
DA:1349,6
DA:1350,6
DA:1351,6
DA:1352,9
DA:1357,131
DA:1358,256
DA:1359,12416
DA:1360,30720
DA:1361,12288
DA:1365,15
DA:1367,12
DA:1368,12
DA:1370,21
DA:1374,16
DA:1383,32
DA:1384,32
DA:1385,32
DA:1387,48
DA:1388,32
DA:1389,48
DA:1390,32
DA:1392,142
DA:1393,504
DA:1394,252
DA:1396,126
DA:1397,1255
DA:1398,3765
DA:1399,2300
DA:1400,3135
DA:1401,2090
DA:1403,3135
DA:1404,2090
DA:1407,1255
DA:1408,1255
DA:1409,16
DA:1413,378
DA:1422,252
DA:1423,3909
DA:1424,1219
DA:1426,252
DA:1428,126
DA:1429,32
DA:1430,48
DA:1431,64
DA:1432,48
DA:1433,32
DA:1434,48
DA:1435,48
DA:1436,48
DA:1437,48
DA:1439,32
DA:1440,29
DA:1441,1
DA:1443,15
DA:1445,48
DA:1447,440
DA:1448,220
DA:1450,378
DA:1451,378
DA:1452,126
DA:1454,16
LF:725
LH:720
end_of_record
TN:
SF:/Users/leo/Code/djvu-rs/crates/djvu-iw44/src/lib.rs
FN:130,zigzag_row
FN:139,zigzag_col
FN:212,normalize
FN:235,ycbcr_row_to_rgba
FN:269,ycbcr_row_from_i16
FN:324,ycbcr_row_from_i16_half
FN:389,ycbcr_portable
FN:445,ycbcr_neon_raw
FN:520,ycbcr_neon_raw_half
FNF:9
FNDA:0,zigzag_row
FNDA:0,zigzag_col
FNDA:1546917,normalize
FNDA:2,ycbcr_row_to_rgba
FNDA:115571,ycbcr_row_from_i16
FNDA:936,ycbcr_row_from_i16_half
FNDA:0,ycbcr_portable
FNDA:115571,ycbcr_neon_raw
FNDA:936,ycbcr_neon_raw_half
DA:130,0
DA:131,0
DA:132,0
DA:133,0
DA:134,0
DA:135,0
DA:136,0
DA:139,0
DA:140,0
DA:141,0
DA:142,0
DA:143,0
DA:144,0
DA:145,0
DA:212,1546917
DA:213,3093834
DA:214,3093834
DA:235,2
DA:236,10
DA:237,10
DA:238,8
DA:240,6
DA:247,4
DA:248,4
DA:249,4
DA:250,4
DA:251,2
DA:254,2
DA:269,115571
DA:270,346713
DA:271,346713
DA:272,346713
DA:273,462284
DA:276,0
DA:278,1040139
DA:280,115571
DA:285,0
DA:286,0
DA:288,0
DA:290,0
DA:296,0
DA:298,0
DA:300,0
DA:304,0
DA:305,0
DA:306,0
DA:307,0
DA:308,0
DA:310,0
DA:311,0
DA:312,0
DA:314,0
DA:324,936
DA:325,2808
DA:326,3744
DA:329,0
DA:332,2808
DA:333,2808
DA:334,2808
DA:335,1872
DA:336,936
DA:339,936
DA:343,0
DA:344,0
DA:347,0
DA:348,0
DA:349,0
DA:350,0
DA:351,0
DA:354,0
DA:359,0
DA:362,0
DA:363,0
DA:364,0
DA:365,0
DA:366,0
DA:369,0
DA:373,0
DA:374,0
DA:375,0
DA:376,0
DA:377,0
DA:379,0
DA:380,0
DA:381,0
DA:383,0
DA:389,0
DA:391,0
DA:392,0
DA:393,0
DA:395,0
DA:396,0
DA:397,0
DA:398,0
DA:399,0
DA:400,0
DA:402,0
DA:403,0
DA:404,0
DA:406,0
DA:407,0
DA:409,0
DA:410,0
DA:411,0
DA:412,0
DA:413,0
DA:414,0
DA:415,0
DA:416,0
DA:417,0
DA:418,0
DA:421,0
DA:422,0
DA:423,0
DA:424,0
DA:425,0
DA:426,0
DA:427,0
DA:428,0
DA:429,0
DA:430,0
DA:445,115571
DA:458,231142
DA:459,231142
DA:460,231142
DA:461,231142
DA:463,231142
DA:464,11995377
DA:465,17819709
DA:468,47519224
DA:469,11879806
DA:472,47519224
DA:473,11879806
DA:476,47519224
DA:477,11879806
DA:481,29699515
DA:483,35639418
DA:485,35639418
DA:487,29699515
DA:489,35639418
DA:491,35639418
DA:493,23759612
DA:494,23759612
DA:495,23759612
DA:496,41579321
DA:499,799518
DA:500,1420940
DA:501,1420940
DA:502,1420940
DA:503,852564
DA:504,852564
DA:505,1420940
DA:506,1420940
DA:507,1420940
DA:508,568376
DA:520,936
DA:529,1872
DA:530,1872
DA:531,1872
DA:532,1872
DA:534,1872
DA:535,300192
DA:536,448884
DA:537,448884
DA:540,1197024
DA:541,299256
DA:546,299256
DA:547,1197024
DA:548,299256
DA:550,299256
DA:553,299256
DA:554,1197024
DA:555,299256
DA:557,299256
DA:560,748140
DA:561,748140
DA:563,748140
DA:564,897768
DA:565,897768
DA:566,748140
DA:567,897768
DA:568,897768
DA:569,598512
DA:570,598512
DA:571,598512
DA:572,1047396
DA:575,1960
DA:576,220
DA:577,220
DA:578,220
DA:579,132
DA:580,132
DA:581,220
DA:582,220
DA:583,220
DA:584,88
DA:965,2
DA:967,4
DA:968,4
DA:969,4
DA:970,4
DA:972,4
DA:973,8
DA:974,9
DA:976,18
DA:977,18
DA:978,18
DA:979,18
DA:980,18
DA:981,18
DA:984,18
DA:985,18
DA:987,24
DA:988,24
DA:991,33
DA:992,33
DA:995,21
DA:996,6
DA:999,21
DA:1000,6
DA:1004,21
DA:1005,6
DA:1008,21
DA:1009,6
DA:1013,24
DA:1014,24
DA:1015,24
DA:1018,21
DA:1022,12
DA:1023,16
DA:1024,16
DA:1025,16
DA:1026,12
DA:1027,12
DA:1028,20
DA:1029,20
DA:1030,20
DA:1031,8
DA:1070,154476336
DA:1074,617905344
DA:1078,0
DA:1080,0
DA:1086,0
DA:1087,0
DA:1088,0
DA:1089,0
DA:1090,0
DA:1092,0
DA:1103,154476336
DA:1105,772381680
DA:1107,617905344
DA:1108,772381680
DA:1110,308952672
DA:1111,772381680
DA:1112,772381680
DA:1115,308952672
DA:1116,308952672
DA:1117,926858016
DA:1118,926858016
DA:1120,926858016
DA:1121,617905344
DA:1123,463429008
DA:1124,463429008
DA:1125,617905344
DA:1126,926858016
DA:1127,926858016
DA:1128,926858016
DA:1129,308952672
DA:1179,6287101
DA:1182,25148404
DA:1184,12574202
DA:1185,25148404
DA:1186,18861303
DA:1188,18861303
DA:1189,25148404
DA:1190,31435505
DA:1191,12574202
DA:1192,31435505
DA:1193,31435505
DA:1194,12574202
DA:1195,12574202
DA:1196,37722606
DA:1197,37722606
DA:1198,37722606
DA:1200,31435505
DA:1201,25148404
DA:1203,18861303
DA:1204,18861303
DA:1205,25148404
DA:1206,37722606
DA:1207,37722606
DA:1208,37722606
DA:1209,12574202
DA:1263,6287101
DA:1266,18861303
DA:1270,0
DA:1272,0
DA:1278,0
DA:1279,0
DA:1280,0
DA:1281,0
DA:1283,0
DA:1285,0
DA:1290,949
DA:1291,2847
DA:1292,2847
DA:1293,1898
DA:1298,3796
DA:1302,1898
DA:1303,1898
DA:1304,1898
DA:1305,1898
DA:1306,949
DA:1307,949
DA:1313,84775
DA:1314,84775
DA:1315,32157810
DA:1316,96169116
DA:1317,198611406
DA:1318,5385882
DA:1322,34857141
DA:1323,8402307
DA:1327,169550
DA:1330,84775
DA:1331,84775
DA:1332,17360
DA:1333,286440
DA:1334,277760
DA:1335,138880
DA:1336,386340
DA:1337,108580
DA:1338,108580
DA:1341,8680
DA:1343,152190
DA:1344,152190
DA:1348,32056372
DA:1349,32056372
DA:1350,96169116
DA:1352,32056372
DA:1353,514967550
DA:1355,308952672
DA:1356,308952672
DA:1357,308952672
DA:1359,154476336
DA:1360,154476336
DA:1363,31435505
DA:1364,6287101
DA:1365,6287101
DA:1369,32056372
DA:1370,96169116
DA:1371,64112744
DA:1372,64112744
DA:1373,7049566
DA:1374,27995128
DA:1375,57218121
DA:1376,25161749
DA:1378,32056372
DA:1382,25161749
DA:1383,75485247
DA:1384,50323498
DA:1385,151222436
DA:1386,50449469
DA:1387,3756
DA:1389,151337139
DA:1390,50445713
DA:1391,88319636
DA:1392,264958908
DA:1393,180961433
DA:1394,4322161
DA:1397,44356703
DA:1398,196885
DA:1401,54412681
DA:1402,3966968
DA:1404,154121351
DA:1405,2784212
DA:1406,2784212
DA:1409,25161749
DA:1412,1795294
DA:1413,5385882
DA:1414,3590588
DA:1415,12450496
DA:1416,4429954
DA:1417,8352636
DA:1418,1060778
DA:1420,1723434
DA:1422,8352636
DA:1423,91878996
DA:1424,84882429
DA:1425,40335037
DA:1428,91878996
DA:1429,44547392
DA:1430,121005111
DA:1431,121005111
DA:1432,16247931
DA:1433,2605108
DA:1435,2810869
DA:1437,5415977
DA:1438,6883619
DA:1439,1467642
DA:1441,10831954
DA:1442,16247931
DA:1443,10831954
DA:1445,40335037
DA:1458,2800769
DA:1466,5601538
DA:1467,5601538
DA:1468,5601538
DA:1469,5601538
DA:1470,5601538
DA:1471,5601538
DA:1472,5601538
DA:1474,0
DA:1475,0
DA:1476,0
DA:1477,0
DA:1478,0
DA:1481,0
DA:1482,0
DA:1483,0
DA:1484,0
DA:1485,0
DA:1489,0
DA:1490,0
DA:1491,0
DA:1492,0
DA:1493,0
DA:1494,0
DA:1495,0
DA:1496,0
DA:1497,0
DA:1499,0
DA:1503,0
DA:1504,0
DA:1505,0
DA:1506,0
DA:1507,0
DA:1508,0
DA:1509,0
DA:1510,0
DA:1512,0
DA:1513,0
DA:1514,0
DA:1515,0
DA:1516,0
DA:1517,0
DA:1518,0
DA:1519,0
DA:1520,0
DA:1522,0
DA:1523,0
DA:1525,0
DA:1526,0
DA:1527,0
DA:1528,0
DA:1529,0
DA:1531,0
DA:1532,0
DA:1538,0
DA:1539,0
DA:1540,0
DA:1541,0
DA:1542,0
DA:1543,0
DA:1544,0
DA:1545,0
DA:1546,0
DA:1548,0
DA:1549,0
DA:1550,0
DA:1551,0
DA:1552,0
DA:1554,0
DA:1555,0
DA:1560,8402307
DA:1561,5601538
DA:1562,13542986
DA:1563,131033892
DA:1564,63531584
DA:1565,9459016
DA:1566,3382739
DA:1568,18228831
DA:1569,12152554
DA:1570,12152554
DA:1571,12152554
DA:1572,6281937
DA:1573,2799640
DA:1574,2799640
DA:1576,3276637
DA:1578,8414092
DA:1579,2337815
DA:1581,3738462
DA:1583,18228831
DA:1584,2401657
DA:1586,3674620
DA:1593,2800769
DA:1594,2800769
DA:1595,2800769
DA:1596,2800769
DA:1597,2800769
DA:1598,2800769
DA:1602,84775
DA:1603,84775
DA:1604,84775
DA:1605,425320
DA:1606,138880
DA:1609,84775
DA:1610,92913
DA:1611,8138
DA:1619,989
DA:1636,3925
DA:1637,958
DA:1641,1437
DA:1642,958
DA:1645,958
DA:1646,958
DA:1648,1916
DA:1649,1916
DA:1657,958
DA:1669,1437
DA:1670,271
DA:1671,189
DA:1672,19
DA:1675,17332
DA:1676,728222
DA:1677,2134107
DA:1678,1422738
DA:1679,1422738
DA:1680,9437013
DA:1681,17451288
DA:1682,17451288
DA:1683,127130364
DA:1685,473618880
DA:1687,473618880
DA:1688,236809440
DA:1699,958
DA:1700,2395
DA:1701,479
DA:1705,1020
DA:1706,1020
DA:1707,1530
DA:1713,1020
DA:1721,5297
DA:1722,36916
DA:1723,96387
DA:1724,64258
DA:1725,64258
DA:1726,2088385
DA:1727,2056256
DA:1728,2056256
DA:1729,99728416
DA:1730,131600384
DA:1731,65800192
DA:1737,2550
DA:1738,510
DA:1752,989
DA:1754,3956
DA:1756,2967
DA:1757,2967
DA:1759,4945
DA:1787,47405456
DA:1791,47405456
DA:1799,0
DA:1808,0
DA:1811,0
DA:1813,217562712
DA:1814,72520904
DA:1815,72520904
DA:1816,72520904
DA:1817,72520904
DA:1818,72520904
DA:1819,72520904
DA:1820,72520904
DA:1821,36260452
DA:1822,36260452
DA:1826,0
DA:1827,13314214
DA:1829,44580016
DA:1831,0
DA:1832,0
DA:1833,0
DA:1834,0
DA:1835,0
DA:1836,0
DA:1837,0
DA:1838,0
DA:1839,0
DA:1848,23702728
DA:1850,23702728
DA:1854,0
DA:1864,0
DA:1867,18130226
DA:1869,72520904
DA:1870,72520904
DA:1871,54390678
DA:1872,54390678
DA:1873,54390678
DA:1874,54390678
DA:1875,54390678
DA:1876,54390678
DA:1877,36260452
DA:1878,36260452
DA:1880,72520904
DA:1883,0
DA:1884,6657107
DA:1886,27862510
DA:1888,0
DA:1889,0
DA:1890,0
DA:1907,11145004
DA:1909,55725020
DA:1910,33435012
DA:1911,8975794
DA:1914,2169210
DA:1917,44580016
DA:1918,33435012
DA:1919,33435012
DA:1920,22290008
DA:1939,0
DA:1941,0
DA:1942,0
DA:1943,0
DA:1944,0
DA:1945,0
DA:1952,0
DA:1954,0
DA:1955,0
DA:1960,0
DA:1961,0
DA:1963,0
DA:1967,0
DA:1968,0
DA:1969,0
DA:1970,0
DA:1976,5572502
DA:1978,27862510
DA:1980,22290008
DA:1981,33435012
DA:1986,22290008
DA:1987,150457554
DA:1988,133740048
DA:2013,0
DA:2016,0
DA:2018,0
DA:2019,0
DA:2022,0
DA:2029,0
DA:2032,0
DA:2037,0
DA:2038,0
DA:2047,70879865
DA:2050,141759730
DA:2051,212639595
DA:2052,212639595
DA:2053,212639595
DA:2054,212639595
DA:2055,212639595
DA:2056,212639595
DA:2057,212639595
DA:2058,141759730
DA:2069,71070627
DA:2070,213211881
DA:2073,284282508
DA:2074,284282508
DA:2075,284282508
DA:2076,284282508
DA:2077,284282508
DA:2078,284282508
DA:2079,284282508
DA:2080,213211881
DA:2092,11792802
DA:2095,23585604
DA:2096,47171208
DA:2097,47171208
DA:2098,47171208
DA:2099,47171208
DA:2100,47171208
DA:2101,47171208
DA:2102,47171208
DA:2103,35378406
DA:2114,5896401
DA:2115,17689203
DA:2118,23585604
DA:2119,23585604
DA:2120,23585604
DA:2121,23585604
DA:2122,23585604
DA:2123,23585604
DA:2124,23585604
DA:2125,17689203
DA:2142,14817156
DA:2143,29634312
DA:2144,29634312
DA:2145,29634312
DA:2150,14562005
DA:2151,29124010
DA:2152,43686015
DA:2157,170100
DA:2158,340200
DA:2194,352768
DA:2197,705536
DA:2198,1058304
DA:2199,1763840
DA:2203,1058304
DA:2207,705536
DA:2209,8621852
DA:2210,33076336
DA:2211,33076336
DA:2212,16538168
DA:2213,16538168
DA:2214,16538168
DA:2216,33076336
DA:2217,16538168
DA:2218,33076336
DA:2219,33076336
DA:2232,16538168
DA:2233,24807252
DA:2234,24807252
DA:2235,24807252
DA:2236,24807252
DA:2237,24807252
DA:2239,16538168
DA:2240,16538168
DA:2241,16538168
DA:2242,16538168
DA:2243,16538168
DA:2244,16538168
DA:2246,49614504
DA:2248,41345420
DA:2250,8269084
DA:2256,705536
DA:2257,705536
DA:2258,350473
DA:2260,2295
DA:2262,705536
DA:2263,350473
DA:2265,2295
DA:2267,705536
DA:2268,1058304
DA:2270,0
DA:2272,705536
DA:2273,7244734
DA:2274,13783932
DA:2275,6891966
DA:2276,6891966
DA:2277,6891966
DA:2278,19051485
DA:2280,541471
DA:2282,13783932
DA:2283,13783932
DA:2284,13783932
DA:2285,27567864
DA:2286,20675898
DA:2287,6891966
DA:2293,352768
DA:2294,0
DA:2299,1058304
DA:2300,705536
DA:2301,705536
DA:2302,1411072
DA:2303,1411072
DA:2304,1058304
DA:2306,0
DA:2314,705536
DA:2315,1058184
DA:2317,40
DA:2320,8621852
DA:2322,33076336
DA:2324,33076336
DA:2327,33076336
DA:2334,16538168
DA:2335,33076336
DA:2336,33076336
DA:2337,33076336
DA:2350,16538168
DA:2351,24807252
DA:2352,24807252
DA:2353,24807252
DA:2354,24807252
DA:2355,24807252
DA:2357,16538168
DA:2358,16538168
DA:2359,16538168
DA:2360,16538168
DA:2361,16538168
DA:2362,16538168
DA:2364,49614504
DA:2367,41345420
DA:2372,352768
DA:2373,705536
DA:2374,1411072
DA:2375,1411072
DA:2376,705536
DA:2377,1058268
DA:2379,12
DA:2381,705536
DA:2382,6703263
DA:2383,12700990
DA:2384,6350495
DA:2385,6350495
DA:2386,6350495
DA:2387,17501022
DA:2389,516821
DA:2391,12700990
DA:2392,12184169
DA:2393,17501022
DA:2394,17501022
DA:2395,23334696
DA:2396,17501022
DA:2397,6703251
DA:2398,1411024
DA:2399,1058268
DA:2401,820325
DA:2403,6350495
DA:2418,4243
DA:2430,8484
DA:2431,355738
DA:2434,1058304
DA:2437,990
DA:2440,6506
DA:2441,9759
DA:2448,9759
DA:2449,6506
DA:2451,40613
DA:2452,74720
DA:2453,1008720
DA:2456,74720
DA:2457,74720
DA:2458,74720
DA:2459,149440
DA:2461,0
DA:2464,74720
DA:2465,2998085
DA:2466,2960725
DA:2467,2960725
DA:2468,2960725
DA:2469,2960725
DA:2470,11593264
DA:2472,62409
DA:2474,14803625
DA:2476,2960725
DA:2477,2960725
DA:2478,2960725
DA:2479,17764350
DA:2481,2960725
DA:2485,37360
DA:2486,74720
DA:2487,149440
DA:2488,74720
DA:2489,186800
DA:2490,224160
DA:2491,261520
DA:2494,0
DA:2495,0
DA:2496,0
DA:2499,37360
DA:2500,149440
DA:2502,0
DA:2505,37360
DA:2506,5734650
DA:2507,5697290
DA:2508,5697290
DA:2509,5697290
DA:2510,14243225
DA:2511,17091870
DA:2513,5697290
DA:2514,5697290
DA:2515,5697290
DA:2516,17091870
DA:2518,2848645
DA:2521,87031
DA:2522,49671
DA:2523,49671
DA:2524,49671
DA:2525,248355
DA:2526,87031
DA:2527,261520
DA:2529,61555
DA:2531,49671
DA:2537,6506
DA:2538,21862
DA:2539,24206
DA:2542,36309
DA:2543,36309
DA:2544,36309
DA:2545,12074
DA:2547,29
DA:2550,24206
DA:2551,334024
DA:2552,321921
DA:2553,321921
DA:2554,321921
DA:2555,321921
DA:2556,607814
DA:2558,18014
DA:2560,643842
DA:2561,643842
DA:2562,965763
DA:2563,965763
DA:2564,321921
DA:2568,12103
DA:2569,24148
DA:2570,24148
DA:2571,24122
DA:2572,36144
DA:2573,48192
DA:2574,36144
DA:2576,104
DA:2577,52
DA:2580,12074
DA:2581,23992
DA:2583,78
DA:2586,12074
DA:2587,583614
DA:2588,571540
DA:2589,571540
DA:2590,571540
DA:2591,857310
DA:2592,857310
DA:2593,1143080
DA:2594,1143080
DA:2595,285770
DA:2598,30211
DA:2599,18137
DA:2600,18137
DA:2601,18137
DA:2602,54411
DA:2603,30137
DA:2604,36000
DA:2606,12274
DA:2608,18137
DA:2614,510
DA:2615,2550
DA:2624,989
DA:2631,1978
DA:2632,2967
DA:2633,1978
DA:2634,3956
DA:2636,2967
DA:2637,2967
DA:2638,2967
DA:2640,5228
DA:2641,8478
DA:2646,8478
DA:2650,8478
DA:2651,12717
DA:2652,16956
DA:2653,12717
DA:2656,852043
DA:2657,423902
DA:2659,852043
DA:2660,423902
DA:2662,4239
DA:2663,8396
DA:2664,4198
DA:2665,101244
DA:2666,333837
DA:2668,30332
DA:2669,36705
DA:2672,95326
DA:2673,60172
DA:2677,147
DA:2678,53
DA:2686,8478
DA:2688,331153
DA:2689,653828
DA:2690,653828
DA:2691,326914
DA:2692,610726
DA:2693,23902575
DA:2694,58993030
DA:2695,58993030
DA:2696,58993030
DA:2697,82590242
DA:2698,82590242
DA:2700,23597212
DA:2701,35395818
DA:2702,23597212
DA:2703,82590242
DA:2705,58993030
DA:2706,58993030
DA:2707,47194424
DA:2708,11798606
DA:2710,2252507
DA:2711,2920716
DA:2712,2920716
DA:2713,2920716
DA:2714,3894288
DA:2715,2920716
DA:2716,3894288
DA:2717,2920716
DA:2718,3894288
DA:2719,1947144
DA:2720,1947144
DA:2721,973572
DA:2722,973572
DA:2725,3137468
DA:2726,3051264
DA:2727,3051264
DA:2728,3051264
DA:2729,3051264
DA:2730,3051264
DA:2731,3051264
DA:2732,3051264
DA:2733,4068352
DA:2734,2034176
DA:2735,2034176
DA:2736,1017088
DA:2739,326914
DA:2742,9900
DA:2743,11322
DA:2744,5661
DA:2745,7386
DA:2746,7386
DA:2747,119343
DA:2748,289125
DA:2749,289125
DA:2750,289125
DA:2751,404775
DA:2753,115650
DA:2754,173475
DA:2755,115650
DA:2756,404775
DA:2758,289125
DA:2759,289125
DA:2760,231300
DA:2761,57825
DA:2763,36019
DA:2764,48489
DA:2765,48489
DA:2766,48489
DA:2767,48489
DA:2768,64652
DA:2769,64652
DA:2770,32326
DA:2771,32326
DA:2772,16163
DA:2773,16163
DA:2776,145893
DA:2777,138021
DA:2778,138021
DA:2779,138021
DA:2780,138021
DA:2781,138021
DA:2782,184028
DA:2783,92014
DA:2784,92014
DA:2785,46007
DA:2788,5661
DA:2792,4239
DA:2794,8396
DA:2795,8396
DA:2797,4198
DA:2798,8358
DA:2799,4179
DA:2800,5838
DA:2801,98301
DA:2802,333837
DA:2803,333837
DA:2804,333837
DA:2805,476910
DA:2806,238455
DA:2807,190764
DA:2808,47691
DA:2810,27299
DA:2811,48760
DA:2812,48760
DA:2813,48760
DA:2814,48760
DA:2815,24380
DA:2816,12190
DA:2817,12190
DA:2820,95256
DA:2821,90216
DA:2822,90216
DA:2823,90216
DA:2824,120288
DA:2825,60144
DA:2826,30072
DA:2829,19
DA:2830,24
DA:2831,12
DA:2832,0
DA:2833,0
DA:2834,0
DA:2835,0
DA:2836,0
DA:2838,102
DA:2839,45
DA:2841,102
DA:2842,180
DA:2843,180
DA:2844,135
DA:2845,90
DA:2846,45
DA:2847,45
DA:2850,70
DA:2851,42
DA:2852,42
DA:2853,42
DA:2854,28
DA:2855,14
DA:2859,4198
DA:2860,8322
DA:2861,4161
DA:2862,5826
DA:2863,98291
DA:2864,381512
DA:2865,47689
DA:2867,27249
DA:2868,36504
DA:2869,12168
DA:2872,95028
DA:2873,60024
DA:2879,8396
DA:2880,324191
DA:2881,639986
DA:2882,639986
DA:2884,319993
DA:2885,600552
DA:2886,23726996
DA:2887,58566800
DA:2888,58566800
DA:2889,58566800
DA:2890,81993520
DA:2891,81993520
DA:2893,23426720
DA:2894,35140080
DA:2895,23426720
DA:2896,81993520
DA:2898,58566800
DA:2899,58566800
DA:2900,46853440
DA:2901,11713360
DA:2903,2206504
DA:2904,2859342
DA:2905,2859342
DA:2906,2859342
DA:2907,3812456
DA:2908,2859342
DA:2909,3812456
DA:2910,2859342
DA:2911,3812456
DA:2912,1906228
DA:2913,1906228
DA:2914,953114
DA:2915,953114
DA:2918,2997496
DA:2919,2918628
DA:2920,2918628
DA:2921,2918628
DA:2922,2918628
DA:2924,2918628
DA:2925,2918628
DA:2926,2918628
DA:2927,3891504
DA:2929,1945752
DA:2930,1945752
DA:2931,972876
DA:2934,319993
DA:2938,11119
DA:2939,13842
DA:2941,6921
DA:2942,4164
DA:2943,5826
DA:2944,98291
DA:2945,238445
DA:2946,238445
DA:2947,333823
DA:2948,476890
DA:2949,238445
DA:2950,190756
DA:2951,47689
DA:2953,27249
DA:2954,36504
DA:2955,36504
DA:2956,48672
DA:2957,48672
DA:2958,24336
DA:2959,12168
DA:2960,12168
DA:2963,95112
DA:2964,90108
DA:2965,90108
DA:2966,90108
DA:2967,120144
DA:2968,60072
DA:2969,30036
DA:2972,2757
DA:2973,4348
DA:2974,77288
DA:2975,187785
DA:2976,262899
DA:2977,262899
DA:2978,262899
DA:2979,150228
DA:2980,37557
DA:2982,18754
DA:2983,24870
DA:2984,33160
DA:2985,24870
DA:2986,24870
DA:2987,8290
DA:2988,8290
DA:2991,44860
DA:2992,42528
DA:2993,42528
DA:2994,42528
DA:2995,42528
DA:2996,14176
DA:2999,6921
DA:3006,29673
DA:3008,4239
DA:3009,4239
DA:3056,0
DA:3057,0
DA:3063,339
DA:3082,1
DA:3083,5
DA:3088,1
DA:3089,1
DA:3094,1
DA:3095,1
DA:3107,694
DA:3108,694
DA:3109,2
DA:3111,1384
DA:3112,1384
DA:3115,692
DA:3117,332
DA:3118,2
DA:3120,660
DA:3121,660
DA:3122,660
DA:3123,990
DA:3124,990
DA:3125,660
DA:3126,990
DA:3127,990
DA:3129,659
DA:3130,1
DA:3135,658
DA:3136,329
DA:3137,0
DA:3140,329
DA:3141,329
DA:3142,329
DA:3143,329
DA:3144,639
DA:3145,329
DA:3146,987
DA:3147,329
DA:3148,930
DA:3149,21
DA:3151,303
DA:3153,930
DA:3154,930
DA:3156,329
DA:3158,720
DA:3159,1
DA:3161,359
DA:3164,1376
DA:3165,2752
DA:3167,688
DA:3168,30661
DA:3169,91983
DA:3170,61322
DA:3172,59518
DA:3173,81171
DA:3174,54114
DA:3176,81171
DA:3177,54114
DA:3193,688
DA:3203,141
DA:3204,282
DA:3211,349
DA:3212,349
DA:3213,2
DA:3215,1735
DA:3216,690
DA:3217,1035
DA:3218,1035
DA:3220,345
DA:3225,644
DA:3226,12
DA:3228,316
DA:3230,1610
DA:3231,1610
DA:3252,1288
DA:3253,1288
DA:3254,1288
DA:3255,644
DA:3258,644
DA:3259,644
DA:3260,1288
DA:3265,322
DA:3300,47927
DA:3301,95524
DA:3302,95524
DA:3303,95524
DA:3305,48698
DA:3306,2808
DA:3307,2808
DA:3308,2808
DA:3310,3744
DA:3311,1872
DA:3312,1872
DA:3313,2808
DA:3314,936
DA:3317,140478
DA:3319,187304
DA:3320,187304
DA:3321,187304
DA:3322,140478
DA:3327,165
DA:3339,785
DA:3340,137647
DA:3341,206235
DA:3342,206235
DA:3343,206235
DA:3344,206235
DA:3346,274980
DA:3347,274980
DA:3348,274980
DA:3349,206235
DA:3352,157
DA:3356,0
DA:3357,0
DA:3358,0
DA:3359,0
DA:3360,0
DA:3361,0
DA:3362,0
DA:3363,0
DA:3365,0
DA:3367,0
DA:3368,0
DA:3370,0
DA:3372,0
DA:3374,0
DA:3375,0
DA:3376,0
DA:3378,0
DA:3379,0
DA:3381,0
DA:3382,0
DA:3383,0
DA:3384,0
DA:3387,0
DA:3392,92
DA:3393,108
DA:3394,92
DA:3395,4190
DA:3396,8334
DA:3397,698388
DA:3398,2082663
DA:3399,86961
DA:3401,1214520
DA:3403,1388442
DA:3404,2082663
DA:3406,1388442
DA:3407,4859547
DA:3410,23
LF:1362
LH:1110
end_of_record
TN:
SF:/Users/leo/Code/djvu-rs/crates/djvu-jb2/src/encode.rs
FN:39,encode_num
FN:131,encode_bitmap_direct
FNF:2
FNDA:1885,encode_num
FNDA:355,encode_bitmap_direct
DA:39,1885
DA:40,3770
DA:41,3770
DA:42,3770
DA:43,5655
DA:44,5655
DA:45,5655
DA:46,5655
DA:48,17083
DA:51,30396
DA:53,6180
DA:54,1545
DA:55,1545
DA:56,13653
DA:58,26494
DA:59,26494
DA:60,23709
DA:62,16032
DA:64,52988
DA:65,13247
DA:66,13247
DA:69,1624
DA:70,406
DA:71,406
DA:74,15198
DA:76,3770
DA:77,1943
DA:78,174
DA:79,116
DA:80,58
DA:81,58
DA:83,1885
DA:84,1885
DA:87,7599
DA:88,1885
DA:89,1885
DA:90,2152
DA:91,267
DA:92,267
DA:94,1618
DA:97,5714
DA:101,5714
DA:102,5714
DA:103,0
DA:105,5714
DA:106,7350
DA:107,3254
DA:109,842
DA:111,2171
DA:112,553
DA:131,355
DA:132,1065
DA:133,710
DA:134,710
DA:136,710
DA:143,1065
DA:144,37264
DA:145,18572317
DA:146,46338520
DA:150,37264
DA:151,147636
DA:152,147636
DA:153,147636
DA:158,73818
DA:160,73818
DA:161,110727
DA:163,18572317
DA:164,27803112
DA:165,27803112
DA:168,37070816
DA:169,46338520
DA:172,18535408
DA:173,18535408
DA:174,9267704
DA:279,19
DA:280,38
DA:281,38
DA:283,36
DA:284,3
DA:287,32
DA:290,32
DA:291,32
DA:292,32
DA:293,32
DA:294,32
DA:295,32
DA:296,32
DA:297,48
DA:298,48
DA:302,48
DA:304,64
DA:305,64
DA:308,48
DA:326,48
DA:327,48
DA:329,48
DA:330,39
DA:331,69
DA:332,69
DA:333,50
DA:334,81
DA:337,81
DA:340,108
DA:341,108
DA:344,73
DA:346,24
DA:348,90
DA:350,108
DA:353,54
DA:354,54
DA:355,81
DA:356,108
DA:357,108
DA:359,27
DA:360,27
DA:362,27
DA:364,23
DA:368,48
DA:370,32
DA:374,15
DA:375,60
DA:376,11511
DA:377,6895800
DA:378,29046422
DA:379,4527618
DA:383,15
DA:445,64
DA:446,128
DA:447,128
DA:448,128
DA:449,0
DA:453,192
DA:454,11709
DA:455,10532124
DA:456,46870857
DA:457,9577882
DA:462,128
DA:463,192
DA:464,192
DA:466,11709
DA:467,10532124
DA:468,21040958
DA:469,10508986
DA:471,22986
DA:472,22986
DA:473,34479
DA:474,22986
DA:476,22986
DA:477,22986
DA:478,22986
DA:479,22986
DA:481,14378316
DA:482,14366823
DA:483,9577882
DA:484,9577882
DA:485,4791496
DA:486,2555
DA:488,4895114
DA:489,106173
DA:491,4788941
DA:492,0
DA:494,4893781
DA:495,104840
DA:498,14366823
DA:499,19155764
DA:500,14366823
DA:501,19155764
DA:502,23944615
DA:503,28733466
DA:504,71833519
DA:505,90977554
DA:506,14332344
DA:507,14332344
DA:513,22986
DA:514,22986
DA:515,45972
DA:516,19167257
DA:517,19155764
DA:519,34479
DA:520,22986
DA:521,11493
DA:522,11493
DA:527,64
DA:533,246312
DA:534,1231560
DA:535,738936
DA:536,805983822
DA:537,268250754
DA:539,246312
DA:705,3
DA:711,8
DA:712,1
DA:714,4
DA:715,2
DA:716,0
DA:719,4
DA:720,6
DA:721,6
DA:722,4
DA:723,2
DA:724,2
DA:725,8
DA:726,2
DA:727,0
DA:729,0
DA:730,2
DA:731,0
DA:732,0
DA:735,4
DA:845,40
DA:872,24
DA:873,72
DA:891,37
DA:892,148
DA:906,40
DA:911,80
DA:912,80
DA:913,78
DA:914,3
DA:917,111
DA:931,148
DA:932,74
DA:933,446
DA:934,744
DA:935,744
DA:936,372
DA:939,74
DA:940,74
DA:941,74
DA:942,74
DA:943,74
DA:944,74
DA:945,74
DA:956,74
DA:957,74
DA:958,74
DA:959,74
DA:960,74
DA:961,111
DA:962,111
DA:965,48
DA:968,44
DA:970,22
DA:971,22
DA:974,11
DA:977,111
DA:978,148
DA:979,148
DA:980,111
DA:983,111
DA:988,111
DA:992,111
DA:994,111
DA:995,97
DA:996,80
DA:997,140
DA:998,60
DA:999,60
DA:1001,60
DA:1002,60
DA:1005,323
DA:1006,286
DA:1007,286
DA:1008,286
DA:1010,286
DA:1011,286
DA:1013,572
DA:1014,715
DA:1027,389
DA:1028,103
DA:1030,80
DA:1031,80
DA:1032,56
DA:1033,80
DA:1037,80
DA:1038,15
DA:1040,37
DA:1042,42
DA:1043,2
DA:1067,38
DA:1072,429
DA:1073,143
DA:1074,38
DA:1075,152
DA:1076,190
DA:1077,190
DA:1078,114
DA:1080,210
DA:1081,420
DA:1083,210
DA:1084,210
DA:1086,105
DA:1087,105
DA:1123,286
DA:1124,429
DA:1125,286
DA:1126,108
DA:1127,318
DA:1129,248
DA:1130,420
DA:1131,525
DA:1132,525
DA:1134,315
DA:1135,420
DA:1136,420
DA:1137,105
DA:1139,152
DA:1140,114
DA:1141,114
DA:1142,190
DA:1143,190
DA:1146,114
DA:1147,114
DA:1148,76
DA:1149,76
DA:1150,152
DA:1151,152
DA:1152,38
DA:1153,38
DA:1158,286
DA:1159,152
DA:1160,190
DA:1161,114
DA:1162,114
DA:1164,114
DA:1165,114
DA:1169,111
DA:1170,74
DA:1196,37
DA:1198,37
DA:1199,37
DA:1201,37
DA:1202,37
DA:1207,38
DA:1208,76
DA:1211,143
DA:1212,143
DA:1213,169
DA:1214,26
DA:1216,143
DA:1219,248
DA:1220,1240
DA:1221,534
DA:1222,226
DA:1223,56
DA:1224,12
DA:1226,10
DA:1245,9
DA:1246,18
DA:1247,18
DA:1248,18
DA:1249,18
DA:1250,18
DA:1251,18
DA:1252,27
DA:1257,27
DA:1258,27
DA:1259,27
DA:1260,27
DA:1263,879
DA:1264,1160
DA:1265,1450
DA:1267,580
DA:1268,580
DA:1271,580
DA:1273,870
DA:1277,27
DA:1278,18
DA:1298,9
DA:1299,27
DA:1310,11
DA:1315,33
DA:1316,0
DA:1325,33
DA:1327,77
DA:1328,66
DA:1329,22710
DA:1330,22666
DA:1335,33999
DA:1337,56665
DA:1338,33999
DA:1339,515282
DA:1340,985232
DA:1341,246308
DA:1342,235271
DA:1344,0
DA:1345,11037
DA:1346,0
DA:1347,0
DA:1350,11333
DA:1351,11037
DA:1352,22363
DA:1353,578
DA:1356,888
DA:1357,888
DA:1358,888
DA:1359,296
DA:1365,33
DA:1368,899
DA:1382,33
DA:1383,22
DA:1384,322
DA:1385,578
DA:1386,300
DA:1387,11
DA:1388,0
DA:1389,0
DA:1390,0
DA:1391,0
DA:1392,0
DA:1393,0
DA:1394,0
DA:1395,0
DA:1396,0
DA:1397,0
DA:1400,0
DA:1401,0
DA:1402,0
DA:1403,0
DA:1404,0
DA:1406,0
DA:1407,0
DA:1409,0
DA:1410,0
DA:1411,0
DA:1412,0
DA:1413,0
DA:1417,22
DA:1418,44
DA:1456,1
DA:1457,2
DA:1458,2
DA:1459,0
DA:1462,3
DA:1463,4
DA:1464,2
DA:1465,6
DA:1466,8
DA:1467,8
DA:1468,4
DA:1471,3
DA:1472,3
DA:1473,3
DA:1474,4
DA:1475,4
DA:1476,7
DA:1477,3
DA:1478,3
DA:1480,3
DA:1481,3
DA:1484,7
DA:1485,6
DA:1486,6
DA:1487,3
DA:1489,12
DA:1490,10
DA:1491,1
DA:1492,1
DA:1494,1
DA:1495,1
DA:1498,2
DA:1499,2
DA:1500,6
DA:1501,8
DA:1502,4
DA:1503,4
DA:1505,4
DA:1506,8
DA:1509,1
LF:469
LH:434
end_of_record
TN:
SF:/Users/leo/Code/djvu-rs/crates/djvu-jb2/src/lib.rs
FN:115,NumContext::new
FN:124,NumContext::root
FN:128,NumContext::get_left
FN:139,NumContext::get_right
FN:153,decode_num
FN:248,Jbm::row_stride_bytes
FN:253,Jbm::stride
FN:258,Jbm::storage_bytes
FN:262,Jbm::new
FN:273,Jbm::get
FN:284,Jbm::set_black
FN:296,Jbm::new_from_pool
FN:322,Jbm::crop_and_recycle
FN:353,Jbm::recycle_into
FN:358,Jbm::crop_to_content
FN:451,check_pixel_budget
FN:464,check_symbol_decode_budget
FN:486,check_blit_budget
FN:499,decode_direct_row
FN:623,decode_ref_row
FN:752,pack_row_into
FN:774,unpack_row_into
FN:798,decode_bitmap_direct
FN:843,decode_bitmap_ref
FN:980,Baseline::new
FN:987,Baseline::fill
FN:991,Baseline::add
FN:999,Baseline::get_val
FN:1016,blit_indexed
FN:1096,blit_to_bitmap
FN:1188,pack_byte
FN:1199,page_to_bitmap
FN:1238,flip_blit_map
FN:1263,CoordContexts::new
FN:1283,LayoutState::new
FN:1293,decode_symbol_coords
FN:1338,JbmDict<'a>::new
FN:1344,JbmDict<'a>::len
FN:1347,JbmDict<'a>::is_empty
FN:1350,JbmDict<'a>::push
FN:1353,JbmDict<'a>::into_symbols
FN:1364,<impl Index for JbmDict<'_>>::index
FN:1394,decode
FN:1404,decode_indexed
FN:1419,decode_dict
FN:1427,decode_image
FN:1437,decode_image_with_pool
FN:1732,decode_image_indexed
FN:1740,decode_image_indexed_with_pool
FN:2068,decode_dictionary
FN:2073,decode_dictionary_with_pool
FNF:51
FNDA:5906,NumContext::new
FNDA:1496978,NumContext::root
FNDA:4388571,NumContext::get_left
FNDA:7676159,NumContext::get_right
FNDA:1495093,decode_num
FNDA:1088023,Jbm::row_stride_bytes
FNDA:868683,Jbm::stride
FNDA:219340,Jbm::storage_bytes
FNDA:783,Jbm::new
FNDA:0,Jbm::get
FNDA:43828,Jbm::set_black
FNDA:218557,Jbm::new_from_pool
FNDA:217428,Jbm::crop_and_recycle
FNDA:1129,Jbm::recycle_into
FNDA:783,Jbm::crop_to_content
FNDA:218557,check_pixel_budget
FNDA:218557,check_symbol_decode_budget
FNDA:294719,check_blit_budget
FNDA:4041921,decode_direct_row
FNDA:2385148,decode_ref_row
FNDA:6427069,pack_row_into
FNDA:2371806,unpack_row_into
FNDA:125163,decode_bitmap_direct
FNDA:93394,decode_bitmap_ref
FNDA:326,Baseline::new
FNDA:22321,Baseline::fill
FNDA:293615,Baseline::add
FNDA:271294,Baseline::get_val
FNDA:28054,blit_indexed
FNDA:266665,blit_to_bitmap
FNDA:38398661,pack_byte
FNDA:14,page_to_bitmap
FNDA:14,flip_blit_map
FNDA:329,CoordContexts::new
FNDA:326,LayoutState::new
FNDA:293615,decode_symbol_coords
FNDA:339,JbmDict<'a>::new
FNDA:341986,JbmDict<'a>::len
FNDA:170993,JbmDict<'a>::is_empty
FNDA:217428,JbmDict<'a>::push
FNDA:13,JbmDict<'a>::into_symbols
FNDA:523260,<impl Index for JbmDict<'_>>::index
FNDA:317,decode
FNDA:15,decode_indexed
FNDA:16,decode_dict
FNDA:317,decode_image
FNDA:318,decode_image_with_pool
FNDA:15,decode_image_indexed
FNDA:15,decode_image_indexed_with_pool
FNDA:16,decode_dictionary
FNDA:16,decode_dictionary_with_pool
DA:115,5906
DA:118,11812
DA:119,5906
DA:120,5906
DA:124,1496978
DA:125,1496978
DA:128,4388571
DA:129,4734278
DA:130,1037121
DA:131,1037121
DA:132,1037121
DA:133,1037121
DA:134,345707
DA:136,4388571
DA:139,7676159
DA:140,8012733
DA:141,1009722
DA:142,1009722
DA:143,1009722
DA:144,1009722
DA:145,336574
DA:147,7676159
DA:153,1495093
DA:154,2990186
DA:155,2990186
DA:156,2990186
DA:157,4485279
DA:158,4485279
DA:159,4485279
DA:160,4485279
DA:162,13544625
DA:163,24099064
DA:164,723283
DA:165,11326249
DA:166,33360270
DA:168,206159
DA:171,12049532
DA:172,23000133
DA:174,13148463
DA:177,12049532
DA:179,1495093
DA:180,1753309
DA:181,774648
DA:182,258216
DA:183,258216
DA:185,1495093
DA:186,1495093
DA:189,6024766
DA:190,1495093
DA:191,1495093
DA:192,1674832
DA:194,179739
DA:196,1315354
DA:199,4529673
DA:203,4529673
DA:204,4529673
DA:205,0
DA:207,4529673
DA:208,5112771
DA:209,1898452
DA:211,1315867
DA:213,2046414
DA:214,731060
DA:217,0
DA:220,0
DA:225,2990186
DA:248,1088023
DA:249,2176046
DA:253,868683
DA:254,1737366
DA:258,219340
DA:259,877360
DA:262,783
DA:263,3132
DA:267,783
DA:273,0
DA:274,0
DA:275,0
DA:277,0
DA:278,0
DA:279,0
DA:284,43828
DA:285,131484
DA:286,87656
DA:296,218557
DA:297,874228
DA:298,654534
DA:299,434840
DA:302,437114
DA:303,655671
DA:304,655671
DA:322,217428
DA:323,434853
DA:324,434844
DA:325,434844
DA:326,652266
DA:327,434844
DA:328,434844
DA:331,1053172
DA:332,1453155
DA:333,7046786
DA:334,217422
DA:335,4615244
DA:336,868850
DA:340,866580
DA:341,216645
DA:344,2349
DA:346,1566
DA:347,783
DA:353,1129
DA:354,2258
DA:358,783
DA:359,1563
DA:360,6
DA:362,2331
DA:363,1554
DA:364,2331
DA:365,1554
DA:366,2331
DA:368,9877
DA:369,36400
DA:371,27300
DA:372,27300
DA:373,67940
DA:374,20320
DA:375,32742
DA:376,8842
DA:378,11950
DA:381,44726
DA:382,35368
DA:385,35368
DA:386,35368
DA:387,26526
DA:388,26526
DA:389,26526
DA:390,26526
DA:391,17684
DA:395,777
DA:396,0
DA:399,1554
DA:400,1554
DA:401,3108
DA:403,10403
DA:404,142611
DA:405,374739
DA:406,168741
DA:407,131484
DA:408,131484
DA:409,131484
DA:413,777
DA:451,218557
DA:452,874228
DA:453,218557
DA:454,0
DA:456,437114
DA:457,218557
DA:458,0
DA:460,218557
DA:464,218557
DA:470,874228
DA:475,218557
DA:476,0
DA:478,218557
DA:486,294719
DA:487,1178876
DA:488,589438
DA:489,294719
DA:490,0
DA:492,294719
DA:499,4041921
DA:508,12125763
DA:509,12125763
DA:510,12125763
DA:511,8083842
DA:512,8083842
DA:513,8083842
DA:514,8083842
DA:516,0
DA:517,0
DA:518,0
DA:519,0
DA:520,0
DA:523,0
DA:524,0
DA:525,0
DA:526,0
DA:527,0
DA:531,0
DA:532,0
DA:533,0
DA:534,0
DA:535,0
DA:536,0
DA:537,0
DA:538,0
DA:539,0
DA:541,0
DA:545,270082023
DA:546,12125763
DA:547,12125763
DA:548,16167684
DA:549,12125763
DA:551,28067383
DA:552,7970810
DA:554,113032
DA:556,24251526
DA:558,0
DA:559,0
DA:560,0
DA:561,0
DA:562,0
DA:563,0
DA:564,0
DA:565,0
DA:566,0
DA:568,0
DA:569,0
DA:570,0
DA:571,0
DA:572,0
DA:573,0
DA:574,0
DA:575,0
DA:576,0
DA:578,0
DA:579,0
DA:581,0
DA:582,0
DA:583,0
DA:584,0
DA:585,0
DA:587,0
DA:588,0
DA:591,0
DA:592,0
DA:593,0
DA:594,0
DA:598,16167684
DA:599,732138705
DA:600,703845258
DA:602,36256175
DA:603,24130412
DA:604,60326030
DA:607,4041921
DA:608,4041921
DA:609,4041921
DA:610,4041921
DA:611,4041921
DA:612,4041921
DA:623,2385148
DA:639,7155444
DA:640,7155444
DA:641,7155444
DA:642,4770296
DA:643,4770296
DA:644,4770296
DA:645,4770296
DA:647,0
DA:648,0
DA:649,0
DA:650,0
DA:651,0
DA:654,0
DA:655,0
DA:656,0
DA:657,0
DA:658,0
DA:662,0
DA:663,0
DA:664,0
DA:665,0
DA:666,0
DA:667,0
DA:668,0
DA:669,0
DA:670,0
DA:672,0
DA:676,265089892
DA:677,262704744
DA:678,647013
DA:680,1048230924
DA:684,7155444
DA:685,4770296
DA:686,4770296
DA:687,4770296
DA:689,68061334
DA:690,262704744
DA:692,131352372
DA:694,131352372
DA:695,131352372
DA:696,131352372
DA:697,131352372
DA:699,131352372
DA:700,61175569
DA:701,61175569
DA:703,9001234
DA:704,18002468
DA:705,4500617
DA:706,4212152
DA:707,2106076
DA:708,2106076
DA:709,4212152
DA:710,2106076
DA:711,4212152
DA:712,2106076
DA:713,2106076
DA:715,6907282
DA:716,6354600
DA:717,4236400
DA:718,4236400
DA:720,2394541
DA:721,2394541
DA:722,4789082
DA:723,2394541
DA:724,448515
DA:726,2394541
DA:727,2394541
DA:731,92553957
DA:732,26877771
DA:735,197028558
DA:736,65676186
DA:737,262704744
DA:738,262704744
DA:741,2385148
DA:742,2385148
DA:743,2385148
DA:744,2385148
DA:745,2385148
DA:746,2385148
DA:752,6427069
DA:753,12854138
DA:754,12854138
DA:755,78954247
DA:756,253845123
DA:757,72527178
DA:759,6427069
DA:760,11097544
DA:761,11097544
DA:762,27796538
DA:763,28862288
DA:764,6614522
DA:767,5548772
DA:774,2371806
DA:775,4743612
DA:776,4743612
DA:777,16511572
DA:778,21209649
DA:779,28279532
DA:780,14139766
DA:781,14139766
DA:782,14139766
DA:783,14139766
DA:784,14139766
DA:785,14139766
DA:786,14139766
DA:787,7069883
DA:789,2371806
DA:790,4191770
DA:791,4191770
DA:792,19408215
DA:793,17312330
DA:798,125163
DA:805,500652
DA:806,125163
DA:807,0
DA:809,250323
DA:810,18
DA:812,625785
DA:813,250314
DA:814,250314
DA:815,375471
DA:816,500628
DA:820,375471
DA:821,375471
DA:822,375471
DA:824,4292235
DA:825,8083842
DA:826,24251526
DA:827,24251526
DA:829,12125763
DA:830,12125763
DA:832,125157
DA:843,93394
DA:852,373576
DA:853,93394
DA:854,0
DA:856,186787
DA:857,3
DA:859,466965
DA:862,186786
DA:863,186786
DA:864,186786
DA:865,186786
DA:866,186786
DA:867,186786
DA:870,19174577
DA:871,19081184
DA:872,5099762
DA:874,55925688
DA:877,186786
DA:878,280179
DA:879,186786
DA:880,280179
DA:885,280179
DA:886,280179
DA:887,280179
DA:893,280179
DA:894,280179
DA:896,2758720
DA:897,7509180
DA:898,293521
DA:900,4743612
DA:901,14230836
DA:902,2371806
DA:907,186786
DA:908,186786
DA:909,186786
DA:910,186786
DA:912,2571934
DA:913,4770296
DA:916,9540592
DA:917,9540592
DA:918,9540592
DA:920,9540592
DA:921,4770296
DA:923,7155444
DA:924,11925740
DA:925,7155444
DA:926,4770296
DA:927,11925740
DA:928,7155444
DA:929,4770296
DA:932,2385148
DA:933,2385148
DA:934,2385148
DA:935,2385148
DA:936,2385148
DA:937,2385148
DA:938,2385148
DA:939,2385148
DA:940,2385148
DA:941,2385148
DA:942,2385148
DA:943,2385148
DA:948,2385148
DA:949,2385148
DA:950,7155444
DA:954,7155444
DA:961,7155444
DA:962,2385148
DA:963,7155444
DA:964,2385148
DA:965,4770296
DA:967,93393
DA:980,326
DA:982,326
DA:983,326
DA:987,22321
DA:988,44642
DA:991,293615
DA:992,293615
DA:993,391277
DA:994,97662
DA:996,293615
DA:999,271294
DA:1000,1356470
DA:1001,748958
DA:1002,122339
DA:1003,407762
DA:1004,84158
DA:1006,64797
DA:1016,28054
DA:1028,56108
DA:1029,0
DA:1031,112216
DA:1032,56108
DA:1033,56108
DA:1034,84162
DA:1035,56108
DA:1036,56108
DA:1037,353719
DA:1038,651330
DA:1039,651330
DA:1040,1812018
DA:1041,4459059
DA:1042,1486353
DA:1043,1277012
DA:1045,418682
DA:1046,3558797
DA:1047,2776617
DA:1048,2203778
DA:1049,1101889
DA:1053,325665
DA:1054,831564
DA:1055,277188
DA:1056,307330
DA:1057,657585
DA:1058,916460
DA:1059,825080
DA:1060,412540
DA:1067,0
DA:1068,0
DA:1069,0
DA:1070,0
DA:1072,0
DA:1073,0
DA:1074,0
DA:1075,0
DA:1076,0
DA:1077,0
DA:1078,0
DA:1096,266665
DA:1097,533326
DA:1098,6
DA:1100,533318
DA:1101,533318
DA:1102,799977
DA:1103,533318
DA:1104,533318
DA:1105,799977
DA:1108,266659
DA:1109,266657
DA:1110,1599930
DA:1111,1599930
DA:1113,533310
DA:1114,533310
DA:1115,533310
DA:1116,533310
DA:1117,533310
DA:1118,533310
DA:1119,533310
DA:1121,266655
DA:1122,915706
DA:1123,1773080
DA:1124,3546160
DA:1125,2659620
DA:1126,18469716
DA:1127,8791588
DA:1129,1594859
DA:1133,708319
DA:1137,474978
DA:1138,474978
DA:1139,6416581
DA:1140,12358184
DA:1141,24716368
DA:1142,12358184
DA:1143,114964115
DA:1144,112091540
DA:1145,84068655
DA:1147,6179092
DA:1148,10909736
DA:1149,16364604
DA:1150,10909736
DA:1151,16364604
DA:1152,10909736
DA:1159,294
DA:1160,580
DA:1161,330
DA:1162,286
DA:1164,8
DA:1165,8
DA:1166,8
DA:1167,802
DA:1168,2394
DA:1169,798
DA:1170,796
DA:1171,794
DA:1172,6
DA:1173,4
DA:1188,38398661
DA:1189,38398661
DA:1190,38398661
DA:1191,38398661
DA:1192,38398661
DA:1193,38398661
DA:1194,38398661
DA:1195,38398661
DA:1196,38398661
DA:1199,14
DA:1200,28
DA:1201,28
DA:1202,56
DA:1203,42
DA:1204,28
DA:1205,28
DA:1207,7226
DA:1208,28848
DA:1209,14424
DA:1210,14424
DA:1215,4277356
DA:1216,10675360
DA:1219,6405216
DA:1223,7212
DA:1224,13608
DA:1225,13608
DA:1226,51132
DA:1227,44328
DA:1228,0
DA:1231,13608
DA:1234,14
DA:1238,14
DA:1239,3620
DA:1240,7212
DA:1241,7212
DA:1242,7212
DA:1243,17128510
DA:1244,34249808
DA:1263,329
DA:1266,658
DA:1267,658
DA:1268,329
DA:1269,329
DA:1283,326
DA:1285,326
DA:1286,326
DA:1288,326
DA:1293,293615
DA:1300,1174460
DA:1302,880845
DA:1303,89284
DA:1304,89284
DA:1305,44642
DA:1306,44642
DA:1307,22321
DA:1308,22321
DA:1309,66963
DA:1310,22321
DA:1312,1085176
DA:1313,1085176
DA:1314,813882
DA:1317,880845
DA:1318,293615
DA:1319,293615
DA:1338,339
DA:1341,339
DA:1344,341986
DA:1345,1025958
DA:1347,170993
DA:1348,668528
DA:1350,217428
DA:1351,652284
DA:1353,13
DA:1355,39
DA:1356,39
DA:1357,13
DA:1364,523260
DA:1365,1569780
DA:1366,523260
DA:1367,23364
DA:1369,999792
DA:1394,317
DA:1395,951
DA:1404,15
DA:1408,45
DA:1419,16
DA:1420,48
DA:1427,317
DA:1428,634
DA:1429,1268
DA:1437,318
DA:1442,1272
DA:1445,630
DA:1446,630
DA:1447,630
DA:1448,630
DA:1449,630
DA:1450,630
DA:1451,630
DA:1452,630
DA:1453,630
DA:1454,630
DA:1455,630
DA:1456,630
DA:1457,630
DA:1459,630
DA:1460,630
DA:1461,630
DA:1462,630
DA:1463,630
DA:1467,1260
DA:1468,945
DA:1469,327
DA:1470,36
DA:1471,24
DA:1474,315
DA:1477,315
DA:1478,1260
DA:1479,630
DA:1481,315
DA:1482,1260
DA:1483,630
DA:1487,945
DA:1488,945
DA:1489,1
DA:1494,938
DA:1495,12
DA:1496,10
DA:1497,20
DA:1498,0
DA:1500,10
DA:1502,2
DA:1505,302
DA:1507,936
DA:1511,1248
DA:1512,312
DA:1513,0
DA:1518,1248
DA:1520,936
DA:1523,624
DA:1525,266979
DA:1533,4
DA:1535,266975
DA:1536,0
DA:1538,266975
DA:1539,1067900
DA:1541,266975
DA:1544,422068
DA:1545,422068
DA:1546,527585
DA:1547,738619
DA:1548,211034
DA:1549,527585
DA:1550,316551
DA:1551,527585
DA:1552,527585
DA:1557,4
DA:1558,4
DA:1559,5
DA:1560,7
DA:1561,5
DA:1566,96
DA:1567,96
DA:1568,120
DA:1569,168
DA:1570,48
DA:1571,120
DA:1572,72
DA:1573,120
DA:1574,72
DA:1579,185402
DA:1580,0
DA:1582,92701
DA:1583,370804
DA:1584,185402
DA:1585,0
DA:1587,370804
DA:1588,370804
DA:1589,185402
DA:1590,185402
DA:1591,463505
DA:1593,92701
DA:1594,92701
DA:1595,92701
DA:1596,92701
DA:1597,92701
DA:1598,92701
DA:1599,92701
DA:1602,185402
DA:1603,185402
DA:1604,185402
DA:1605,92701
DA:1606,92701
DA:1608,278103
DA:1609,463505
DA:1610,463505
DA:1615,2
DA:1616,0
DA:1618,1
DA:1619,4
DA:1620,2
DA:1621,0
DA:1623,4
DA:1624,4
DA:1625,2
DA:1626,2
DA:1627,5
DA:1629,1
DA:1630,1
DA:1631,1
DA:1632,1
DA:1633,1
DA:1634,1
DA:1635,1
DA:1637,5
DA:1642,2
DA:1643,0
DA:1645,1
DA:1646,4
DA:1647,2
DA:1648,0
DA:1650,4
DA:1651,4
DA:1652,2
DA:1653,2
DA:1654,5
DA:1656,1
DA:1657,1
DA:1658,1
DA:1659,1
DA:1660,1
DA:1661,1
DA:1662,1
DA:1665,2
DA:1666,2
DA:1667,2
DA:1668,1
DA:1669,1
DA:1671,3
DA:1672,5
DA:1673,3
DA:1678,134636
DA:1679,0
DA:1681,67318
DA:1682,269272
DA:1683,134636
DA:1684,0
DA:1686,134636
DA:1687,134636
DA:1688,471226
DA:1689,134636
DA:1690,201954
DA:1691,336590
DA:1696,4416
DA:1697,4416
DA:1698,5520
DA:1699,7728
DA:1700,5520
DA:1701,5520
DA:1702,2208
DA:1703,2208
DA:1704,3312
DA:1705,5520
DA:1706,3312
DA:1710,0
DA:1714,0
DA:1715,0
DA:1716,0
DA:1717,0
DA:1722,308
DA:1724,0
DA:1728,308
DA:1732,15
DA:1736,30
DA:1737,60
DA:1740,15
DA:1745,60
DA:1747,28
DA:1748,28
DA:1749,28
DA:1750,28
DA:1751,28
DA:1752,28
DA:1753,28
DA:1754,28
DA:1755,28
DA:1756,28
DA:1757,28
DA:1758,28
DA:1759,28
DA:1761,28
DA:1762,28
DA:1763,28
DA:1764,28
DA:1765,28
DA:1767,56
DA:1768,42
DA:1769,16
DA:1770,6
DA:1771,4
DA:1773,14
DA:1775,14
DA:1776,56
DA:1777,28
DA:1779,14
DA:1780,56
DA:1781,28
DA:1784,42
DA:1785,42
DA:1786,0
DA:1789,42
DA:1790,2
DA:1791,2
DA:1792,4
DA:1793,0
DA:1795,2
DA:1797,0
DA:1800,12
DA:1802,42
DA:1805,56
DA:1806,14
DA:1807,0
DA:1809,42
DA:1810,42
DA:1812,42
DA:1813,42
DA:1815,28
DA:1817,28068
DA:1825,0
DA:1827,28068
DA:1828,0
DA:1830,28068
DA:1831,112272
DA:1833,28068
DA:1835,69284
DA:1836,69284
DA:1837,86605
DA:1838,121247
DA:1839,34642
DA:1840,86605
DA:1841,51963
DA:1843,17321
DA:1844,17321
DA:1845,17321
DA:1846,17321
DA:1847,17321
DA:1848,17321
DA:1849,17321
DA:1850,17321
DA:1852,17321
DA:1853,86605
DA:1856,0
DA:1857,0
DA:1858,0
DA:1859,0
DA:1860,0
DA:1863,0
DA:1864,0
DA:1865,0
DA:1866,0
DA:1867,0
DA:1868,0
DA:1869,0
DA:1871,0
DA:1872,0
DA:1873,0
DA:1874,0
DA:1875,0
DA:1876,0
DA:1877,0
DA:1878,0
DA:1880,0
DA:1881,0
DA:1884,904
DA:1885,0
DA:1887,452
DA:1888,1808
DA:1889,904
DA:1890,0
DA:1892,1808
DA:1893,1808
DA:1894,904
DA:1895,904
DA:1896,2260
DA:1898,452
DA:1899,452
DA:1900,452
DA:1901,452
DA:1902,452
DA:1903,452
DA:1904,452
DA:1907,904
DA:1908,904
DA:1909,904
DA:1910,452
DA:1911,452
DA:1913,1356
DA:1915,452
DA:1916,452
DA:1917,452
DA:1918,452
DA:1919,452
DA:1920,452
DA:1921,452
DA:1922,452
DA:1924,452
DA:1925,2260
DA:1928,0
DA:1929,0
DA:1931,0
DA:1932,0
DA:1933,0
DA:1934,0
DA:1936,0
DA:1937,0
DA:1938,0
DA:1939,0
DA:1940,0
DA:1942,0
DA:1943,0
DA:1944,0
DA:1945,0
DA:1946,0
DA:1947,0
DA:1948,0
DA:1950,0
DA:1953,0
DA:1954,0
DA:1956,0
DA:1957,0
DA:1958,0
DA:1959,0
DA:1961,0
DA:1962,0
DA:1963,0
DA:1964,0
DA:1965,0
DA:1967,0
DA:1968,0
DA:1969,0
DA:1970,0
DA:1971,0
DA:1972,0
DA:1973,0
DA:1976,0
DA:1977,0
DA:1978,0
DA:1979,0
DA:1980,0
DA:1982,0
DA:1984,0
DA:1985,0
DA:1986,0
DA:1987,0
DA:1988,0
DA:1989,0
DA:1990,0
DA:1991,0
DA:1993,0
DA:1994,0
DA:1997,20562
DA:1998,0
DA:2000,10281
DA:2001,41124
DA:2002,20562
DA:2003,0
DA:2006,20562
DA:2007,20562
DA:2008,20562
DA:2009,20562
DA:2010,10281
DA:2012,30843
DA:2014,10281
DA:2015,10281
DA:2016,10281
DA:2017,10281
DA:2018,10281
DA:2019,10281
DA:2020,10281
DA:2021,10281
DA:2023,10281
DA:2026,0
DA:2027,0
DA:2028,0
DA:2029,0
DA:2030,0
DA:2031,0
DA:2032,0
DA:2034,0
DA:2035,0
DA:2036,0
DA:2037,0
DA:2038,0
DA:2039,0
DA:2040,0
DA:2041,0
DA:2043,0
DA:2044,0
DA:2046,0
DA:2048,0
DA:2049,0
DA:2050,0
DA:2051,0
DA:2054,14
DA:2055,0
DA:2059,70
DA:2060,56
DA:2061,14
DA:2068,16
DA:2069,48
DA:2070,64
DA:2073,16
DA:2078,64
DA:2080,28
DA:2081,28
DA:2082,28
DA:2083,28
DA:2084,28
DA:2085,28
DA:2086,28
DA:2087,28
DA:2088,28
DA:2089,28
DA:2091,28
DA:2092,28
DA:2093,28
DA:2094,28
DA:2097,56
DA:2098,42
DA:2099,14
DA:2100,0
DA:2101,0
DA:2103,14
DA:2106,56
DA:2107,56
DA:2110,42
DA:2111,42
DA:2112,1
DA:2115,39
DA:2116,0
DA:2117,0
DA:2118,0
DA:2119,0
DA:2121,0
DA:2123,0
DA:2126,13
DA:2128,39
DA:2131,26
DA:2133,1448
DA:2141,0
DA:2143,1448
DA:2144,0
DA:2146,1448
DA:2147,5792
DA:2149,1448
DA:2152,4784
DA:2153,4784
DA:2154,5980
DA:2155,8372
DA:2156,5980
DA:2161,478
DA:2162,0
DA:2164,239
DA:2165,956
DA:2166,478
DA:2167,0
DA:2169,956
DA:2170,956
DA:2171,478
DA:2172,478
DA:2173,1195
DA:2175,239
DA:2176,239
DA:2177,239
DA:2178,239
DA:2179,239
DA:2180,239
DA:2181,239
DA:2183,1195
DA:2187,0
DA:2191,0
DA:2192,0
DA:2193,0
DA:2194,0
DA:2199,13
DA:2201,0
DA:2205,13
DA:2206,13
LF:1157
LH:914
end_of_record
TN:
SF:/Users/leo/Code/djvu-rs/crates/djvu-pixmap/src/lib.rs
FN:24,<impl AsRef for Pixmap>::as_ref
FN:40,Pixmap::new
FN:66,Pixmap::white
FN:73,Pixmap::set_rgb
FN:85,Pixmap::get_pixel
FN:95,Pixmap::get_rgb
FN:105,Pixmap::to_rgb
FN:119,Pixmap::to_ppm
FN:133,Pixmap::rotate_cw90
FN:153,Pixmap::rotate_180
FN:171,Pixmap::rotate_ccw90
FN:195,Pixmap::to_gray8
FN:229,GrayPixmap::get
FNF:13
FNDA:1,<impl AsRef for Pixmap>::as_ref
FNDA:507,Pixmap::new
FNDA:147,Pixmap::white
FNDA:1413159,Pixmap::set_rgb
FNDA:3,Pixmap::get_pixel
FNDA:119906824,Pixmap::get_rgb
FNDA:5,Pixmap::to_rgb
FNDA:8,Pixmap::to_ppm
FNDA:3,Pixmap::rotate_cw90
FNDA:3,Pixmap::rotate_180
FNDA:2,Pixmap::rotate_ccw90
FNDA:4,Pixmap::to_gray8
FNDA:16400,GrayPixmap::get
DA:24,1
DA:25,1
DA:40,507
DA:41,1521
DA:42,0
DA:44,507
DA:45,2
DA:48,1509
DA:49,156
DA:50,312
DA:51,312
DA:52,312
DA:57,2094
DA:66,147
DA:67,441
DA:73,1413159
DA:74,2826318
DA:75,7065795
DA:76,2826318
DA:77,2826318
DA:78,1413159
DA:79,1413159
DA:85,3
DA:86,5
DA:87,2
DA:89,2
DA:90,3
DA:95,119906824
DA:96,239813648
DA:97,479627295
DA:98,239813646
DA:100,1
DA:105,5
DA:106,10
DA:107,15
DA:108,406378
DA:109,812736
DA:110,812736
DA:111,406368
DA:113,5
DA:119,8
DA:120,24
DA:121,16
DA:122,32
DA:123,24
DA:124,43152844
DA:125,86305656
DA:126,86305656
DA:127,43152828
DA:129,8
DA:133,3
DA:134,9
DA:135,9
DA:136,8
DA:137,37
DA:138,48
DA:139,48
DA:140,48
DA:141,48
DA:142,80
DA:153,3
DA:154,9
DA:155,9
DA:156,9
DA:157,46
DA:158,60
DA:159,80
DA:160,100
DA:171,2
DA:172,6
DA:173,6
DA:174,7
DA:175,33
DA:176,42
DA:177,42
DA:178,42
DA:179,42
DA:180,70
DA:195,4
DA:196,8
DA:197,12
DA:198,13096
DA:199,19632
DA:200,19632
DA:201,19632
DA:203,19632
DA:204,19632
DA:207,8
DA:208,4
DA:229,16400
DA:230,32800
LF:91
LH:90
end_of_record
TN:
SF:/Users/leo/Code/djvu-rs/crates/djvu-zp/src/encoder.rs
FN:34,<impl Default for ZpEncoder>::default
FN:40,ZpEncoder::new
FN:59,ZpEncoder::encode_bit
FN:78,ZpEncoder::encode_passthrough_iw44
FN:100,ZpEncoder::encode_passthrough
FN:123,ZpEncoder::finish
FN:153,ZpEncoder::encode_mps
FN:168,ZpEncoder::encode_lps
FN:185,ZpEncoder::zemit
FN:212,ZpEncoder::outbit
FNF:10
FNDA:1,<impl Default for ZpEncoder>::default
FNDA:288,ZpEncoder::new
FNDA:10692315,ZpEncoder::encode_bit
FNDA:9254,ZpEncoder::encode_passthrough_iw44
FNDA:4611,ZpEncoder::encode_passthrough
FNDA:288,ZpEncoder::finish
FNDA:740909,ZpEncoder::encode_mps
FNDA:819748,ZpEncoder::encode_lps
FNDA:2226520,ZpEncoder::zemit
FNDA:2227539,ZpEncoder::outbit
DA:34,1
DA:35,1
DA:40,288
DA:49,288
DA:59,10692315
DA:60,21384630
DA:61,21384630
DA:62,32076945
DA:64,11512063
DA:65,2459244
DA:66,11433224
DA:67,2222727
DA:70,9131658
DA:78,9254
DA:79,18508
DA:82,15244
DA:83,11980
DA:85,23960
DA:86,5990
DA:87,5990
DA:89,6528
DA:90,3264
DA:91,3264
DA:92,11246
DA:93,15964
DA:94,3991
DA:95,3991
DA:100,4611
DA:101,9222
DA:103,8798
DA:105,8374
DA:106,16748
DA:107,4187
DA:108,4187
DA:111,848
DA:112,424
DA:113,424
DA:114,1272
DA:115,1696
DA:116,424
DA:117,424
DA:123,288
DA:125,342
DA:126,54
DA:127,359
DA:128,71
DA:131,9004
DA:132,12642
DA:133,4214
DA:136,576
DA:137,1334
DA:138,1046
DA:139,523
DA:142,1750
DA:143,731
DA:145,288
DA:147,568
DA:148,140
DA:150,288
DA:153,740909
DA:155,1481818
DA:156,2963636
DA:158,2176729
DA:159,694911
DA:162,740909
DA:163,2222727
DA:164,740909
DA:165,740909
DA:168,819748
DA:170,1639496
DA:171,3278992
DA:173,819748
DA:174,1639496
DA:175,819748
DA:176,819748
DA:177,3753358
DA:178,5867220
DA:179,1466805
DA:180,1466805
DA:185,2226520
DA:186,4453040
DA:187,4453040
DA:188,2226520
DA:189,2226520
DA:191,2234848
DA:192,3334570
DA:193,2217146
DA:194,1108573
DA:198,0
DA:199,0
DA:200,0
DA:201,0
DA:204,1109096
DA:205,1109096
DA:207,0
DA:212,2227539
DA:213,2227539
DA:214,12182
DA:215,6091
DA:217,6091
DA:219,2221448
DA:220,2221448
DA:221,2499129
DA:222,1110724
DA:223,277681
DA:224,277681
LF:106
LH:101
end_of_record
TN:
SF:/Users/leo/Code/djvu-rs/crates/djvu-zp/src/lib.rs
FN:97,ZpDecoder<'a>::new
FN:134,ZpDecoder<'a>::read_byte
FN:146,ZpDecoder<'a>::refill_buffer
FN:161,ZpDecoder<'a>::decode_bit
FN:206,ZpDecoder<'a>::is_exhausted
FN:225,ZpDecoder<'a>::synthetic_bytes
FN:236,ZpDecoder<'a>::decode_passthrough
FN:247,ZpDecoder<'a>::decode_passthrough_iw44
FN:254,ZpDecoder<'a>::passthrough_with_threshold
FN:280,ZpDecoder<'a>::renormalize
FNF:10
FNDA:1438,ZpDecoder<'a>::new
FNDA:8556,ZpDecoder<'a>::read_byte
FNDA:1426,ZpDecoder<'a>::refill_buffer
FNDA:51312536,ZpDecoder<'a>::decode_bit
FNDA:3,ZpDecoder<'a>::is_exhausted
FNDA:515056,ZpDecoder<'a>::synthetic_bytes
FNDA:18588,ZpDecoder<'a>::decode_passthrough
FNDA:5415977,ZpDecoder<'a>::decode_passthrough_iw44
FNDA:5416829,ZpDecoder<'a>::passthrough_with_threshold
FNDA:5258887,ZpDecoder<'a>::renormalize
DA:97,1438
DA:98,1438
DA:99,12
DA:113,2852
DA:114,2852
DA:115,1426
DA:118,2852
DA:121,1426
DA:123,1426
DA:134,8556
DA:135,25668
DA:136,8500
DA:138,56
DA:140,8556
DA:141,8556
DA:146,1426
DA:147,12834
DA:148,22816
DA:149,5704
DA:150,5704
DA:161,51312536
DA:162,102625072
DA:163,102625072
DA:164,153937608
DA:167,51312536
DA:168,42224210
DA:169,42224210
DA:173,18176652
DA:174,36353304
DA:176,9088326
DA:178,9061582
DA:179,9061582
DA:180,4530791
DA:181,4530791
DA:182,4530791
DA:183,9061582
DA:184,4530791
DA:187,13242770
DA:188,4127700
DA:190,4557535
DA:191,4557535
DA:192,9115070
DA:193,4840927
DA:194,283392
DA:196,4557535
DA:197,4557535
DA:206,3
DA:207,6
DA:225,515056
DA:226,2060224
DA:236,18588
DA:237,37176
DA:238,55764
DA:247,5415977
DA:248,10831954
DA:249,16247931
DA:254,5416829
DA:255,5416829
DA:257,5210618
DA:258,2605309
DA:259,2605309
DA:260,5210618
DA:261,2605309
DA:264,2811520
DA:265,2811520
DA:266,5623040
DA:267,2986940
DA:268,175420
DA:270,2811520
DA:271,2811520
DA:280,5258887
DA:281,15776661
DA:282,5258887
DA:283,5258887
DA:284,10517774
DA:285,10517774
DA:286,5896365
DA:287,637478
DA:289,5258887
LF:79
LH:79
end_of_record
TN:
SF:/Users/leo/Code/djvu-rs/djvu-py/src/lib.rs
FN:17,Document::open
FN:28,Document::from_bytes
FN:37,Document::page_count
FN:42,Document::page
FN:71,Page::width
FN:77,Page::height
FN:83,Page::dpi
FN:95,Page::render
FN:121,Page::text
FN:143,Pixmap::width
FN:149,Pixmap::height
FN:154,Pixmap::data
FN:161,Pixmap::to_numpy
FN:172,Pixmap::to_pil
FN:183,djvu_rs_module
FNF:15
FNDA:0,Document::open
FNDA:0,Document::from_bytes
FNDA:0,Document::page_count
FNDA:0,Document::page
FNDA:0,Page::width
FNDA:0,Page::height
FNDA:0,Page::dpi
FNDA:0,Page::render
FNDA:0,Page::text
FNDA:0,Pixmap::width
FNDA:0,Pixmap::height
FNDA:0,Pixmap::data
FNDA:0,Pixmap::to_numpy
FNDA:0,Pixmap::to_pil
FNDA:0,djvu_rs_module
DA:17,0
DA:18,0
DA:19,0
DA:20,0
DA:21,0
DA:22,0
DA:28,0
DA:29,0
DA:30,0
DA:31,0
DA:32,0
DA:37,0
DA:38,0
DA:42,0
DA:43,0
DA:44,0
DA:45,0
DA:46,0
DA:47,0
DA:48,0
DA:49,0
DA:50,0
DA:51,0
DA:52,0
DA:71,0
DA:72,0
DA:77,0
DA:78,0
DA:83,0
DA:84,0
DA:95,0
DA:96,0
DA:97,0
DA:98,0
DA:99,0
DA:101,0
DA:102,0
DA:103,0
DA:104,0
DA:105,0
DA:107,0
DA:109,0
DA:111,0
DA:112,0
DA:113,0
DA:114,0
DA:121,0
DA:122,0
DA:123,0
DA:124,0
DA:125,0
DA:126,0
DA:127,0
DA:143,0
DA:144,0
DA:149,0
DA:150,0
DA:154,0
DA:155,0
DA:161,0
DA:162,0
DA:163,0
DA:164,0
DA:165,0
DA:166,0
DA:172,0
DA:173,0
DA:174,0
DA:175,0
DA:176,0
DA:177,0
DA:183,0
DA:184,0
DA:185,0
DA:186,0
DA:187,0
LF:76
LH:0
end_of_record
TN:
SF:/Users/leo/Code/djvu-rs/src/annotation.rs
FN:138,parse_annotations
FN:145,parse_annotation_text
FN:191,parse_maparea
FN:243,parse_shape
FN:313,get_uint
FN:322,parse_uint
FN:327,parse_color
FN:347,encode_annotations
FN:373,encode_annotations_bzz
FN:382,encode_maparea
FN:403,encode_shape
FN:423,quote_str
FNF:12
FNDA:32,parse_annotations
FNDA:32,parse_annotation_text
FNDA:69,parse_maparea
FNDA:68,parse_shape
FNDA:268,get_uint
FNDA:274,parse_uint
FNDA:12,parse_color
FNDA:10,encode_annotations
FNDA:3,encode_annotations_bzz
FNDA:5,encode_maparea
FNDA:7,encode_shape
FNDA:10,quote_str
DA:138,32
DA:139,160
DA:140,64
DA:145,32
DA:146,64
DA:147,1
DA:150,93
DA:152,62
DA:153,62
DA:155,193
DA:156,166
DA:157,248
DA:158,246
DA:159,1
DA:162,82
DA:163,82
DA:164,18
DA:165,12
DA:168,76
DA:169,9
DA:170,6
DA:173,73
DA:174,12
DA:175,6
DA:178,70
DA:179,270
DA:180,128
DA:183,1
DA:188,27
DA:191,69
DA:193,207
DA:194,204
DA:195,1
DA:197,207
DA:198,204
DA:199,1
DA:202,206
DA:203,136
DA:204,1
DA:207,204
DA:210,128
DA:211,128
DA:212,373
DA:213,106
DA:214,106
DA:215,108
DA:216,8
DA:217,4
DA:218,2
DA:222,104
DA:223,6
DA:225,4
DA:229,49
DA:234,64
DA:235,128
DA:236,128
DA:237,128
DA:238,64
DA:239,64
DA:243,68
DA:244,203
DA:245,201
DA:246,1
DA:249,67
DA:250,67
DA:251,177
DA:252,177
DA:253,177
DA:254,171
DA:255,57
DA:256,114
DA:257,114
DA:258,57
DA:259,57
DA:262,8
DA:263,6
DA:264,6
DA:265,6
DA:266,6
DA:267,2
DA:268,4
DA:269,4
DA:270,2
DA:271,2
DA:274,6
DA:275,3
DA:276,3
DA:277,3
DA:278,3
DA:279,1
DA:280,2
DA:281,2
DA:282,1
DA:283,1
DA:286,5
DA:287,6
DA:288,6
DA:289,6
DA:290,6
DA:291,6
DA:293,3
DA:295,4
DA:296,4
DA:297,18
DA:298,28
DA:299,28
DA:300,21
DA:301,7
DA:303,2
DA:305,2
DA:306,1
DA:313,268
DA:314,804
DA:315,801
DA:316,1
DA:317,1
DA:322,274
DA:323,548
DA:324,280
DA:327,12
DA:328,60
DA:329,12
DA:330,1
DA:332,32
DA:333,14
DA:334,30
DA:335,10
DA:336,30
DA:337,10
DA:338,20
DA:347,10
DA:348,20
DA:350,14
DA:351,6
DA:352,2
DA:353,2
DA:356,12
DA:357,3
DA:359,14
DA:360,6
DA:363,25
DA:364,20
DA:365,5
DA:368,20
DA:373,3
DA:374,12
DA:375,6
DA:376,1
DA:378,4
DA:382,5
DA:383,10
DA:384,15
DA:385,10
DA:386,15
DA:387,10
DA:388,15
DA:389,7
DA:390,3
DA:392,7
DA:393,3
DA:394,1
DA:395,1
DA:398,10
DA:399,5
DA:403,7
DA:404,7
DA:405,9
DA:406,3
DA:407,3
DA:408,6
DA:409,1
DA:410,2
DA:411,13
DA:412,9
DA:414,2
DA:415,1
DA:423,10
DA:424,30
DA:425,20
DA:426,91
DA:427,71
DA:428,6
DA:429,3
DA:430,272
DA:433,20
DA:434,10
LF:186
LH:186
end_of_record
TN:
SF:/Users/leo/Code/djvu-rs/src/chunk_encode.rs
FN:65,<impl Display for EncodeError>::fmt
FN:106,EncodedChunk::into_leaf
FN:127,<impl ChunkEncoder for NavmChunk<'_>>::encode_chunk
FN:144,<impl ChunkEncoder for FgbzChunk<'_>>::encode_chunk
FN:165,<impl ChunkEncoder for TextChunk<'_>>::encode_chunk
FN:177,<impl ChunkEncoder for SmmrChunk<'_>>::encode_chunk
FN:189,<impl ChunkEncoder for Jb2Chunk<'_>>::encode_chunk
FNF:7
FNDA:4,<impl Display for EncodeError>::fmt
FNDA:10,EncodedChunk::into_leaf
FNDA:6,<impl ChunkEncoder for NavmChunk<'_>>::encode_chunk
FNDA:8,<impl ChunkEncoder for FgbzChunk<'_>>::encode_chunk
FNDA:1,<impl ChunkEncoder for TextChunk<'_>>::encode_chunk
FNDA:3,<impl ChunkEncoder for SmmrChunk<'_>>::encode_chunk
FNDA:1,<impl ChunkEncoder for Jb2Chunk<'_>>::encode_chunk
DA:65,4
DA:66,4
DA:67,2
DA:68,1
DA:71,2
DA:72,1
DA:75,2
DA:76,1
DA:79,2
DA:80,1
DA:106,10
DA:108,10
DA:109,10
DA:127,6
DA:129,6
DA:130,14
DA:144,8
DA:146,8
DA:147,25
DA:165,1
DA:166,1
DA:167,2
DA:168,2
DA:177,3
DA:178,3
DA:179,6
DA:180,3
DA:189,1
DA:190,1
DA:191,2
DA:192,1
LF:31
LH:31
end_of_record
TN:
SF:/Users/leo/Code/djvu-rs/src/dirm.rs
FN:33,form_byte_range
FN:80,DirmPayload::is_bundled
FN:92,DirmPayload::peek_bundled
FN:100,DirmPayload::decode
FN:146,DirmPayload::encode
FN:165,DirmPayload::components
FN:205,DirmPayload::build_bundled
FN:216,DirmPayload::build_indirect
FN:232,build_metadata
FN:256,read_nt_string
FNF:10
FNDA:1916,form_byte_range
FNDA:160,DirmPayload::is_bundled
FNDA:10,DirmPayload::peek_bundled
FNDA:114,DirmPayload::decode
FNDA:63,DirmPayload::encode
FNDA:74,DirmPayload::components
FNDA:9,DirmPayload::build_bundled
FNDA:32,DirmPayload::build_indirect
FNDA:41,build_metadata
FNDA:2214,read_nt_string
DA:33,1916
DA:34,3832
DA:35,3832
DA:36,7664
DA:80,160
DA:81,160
DA:92,10
DA:93,40
DA:100,114
DA:101,114
DA:102,1
DA:104,226
DA:105,339
DA:106,226
DA:108,226
DA:109,226
DA:110,113
DA:111,148
DA:112,148
DA:113,148
DA:115,148
DA:116,1
DA:118,219
DA:119,7859
DA:120,11679
DA:121,15572
DA:122,7786
DA:123,7786
DA:124,3893
DA:125,3893
DA:128,73
DA:131,112
DA:132,224
DA:133,224
DA:134,224
DA:135,112
DA:146,63
DA:147,252
DA:148,189
DA:149,189
DA:150,126
DA:151,2941
DA:152,2910
DA:155,189
DA:156,63
DA:165,74
DA:166,148
DA:167,296
DA:171,148
DA:172,148
DA:173,1
DA:174,1
DA:175,2
DA:176,4
DA:178,1
DA:181,219
DA:182,146
DA:183,2431
DA:184,4424
DA:185,1939
DA:186,190
DA:187,83
DA:189,11060
DA:190,2213
DA:191,2
DA:193,2213
DA:194,2
DA:196,6636
DA:198,73
DA:205,9
DA:208,18
DA:209,27
DA:210,27
DA:216,32
DA:219,64
DA:220,64
DA:221,96
DA:232,41
DA:233,82
DA:234,183
DA:235,284
DA:237,467
DA:238,284
DA:240,467
DA:241,568
DA:242,142
DA:244,467
DA:245,568
DA:246,142
DA:248,164
DA:249,82
DA:256,2214
DA:257,4428
DA:258,8856
DA:259,44349
DA:260,2214
DA:261,8856
LF:97
LH:97
end_of_record
TN:
SF:/Users/leo/Code/djvu-rs/src/djvm.rs
FN:50,wrap_sub_form
FN:67,strip_att
FN:80,merge
FN:123,split
FN:198,build_djvm
FN:232,create_indirect
FNF:6
FNDA:93,wrap_sub_form
FNDA:93,strip_att
FNDA:4,merge
FNDA:6,split
FNDA:3,build_djvm
FNDA:27,create_indirect
DA:50,93
DA:57,372
DA:58,372
DA:59,186
DA:60,372
DA:61,279
DA:67,93
DA:68,186
DA:69,93
DA:71,0
DA:80,4
DA:81,8
DA:82,1
DA:85,9
DA:86,9
DA:87,9
DA:89,17
DA:90,12
DA:92,6
DA:94,10
DA:95,14
DA:96,2
DA:97,4
DA:99,175
DA:100,172
DA:101,170
DA:103,255
DA:105,340
DA:106,510
DA:107,255
DA:113,6
DA:114,1
DA:117,8
DA:123,6
DA:124,18
DA:129,12
DA:130,2
DA:131,3
DA:132,3
DA:134,774
DA:136,1
DA:139,15
DA:140,4
DA:144,6
DA:145,1
DA:149,5
DA:150,4
DA:151,22
DA:152,25
DA:153,3
DA:154,2
DA:156,1
DA:162,3
DA:163,3
DA:164,3
DA:167,175
DA:168,261
DA:169,20
DA:170,28
DA:171,4
DA:176,2
DA:177,175
DA:178,257
DA:179,143
DA:180,10
DA:181,12
DA:182,2
DA:184,71
DA:188,4
DA:198,3
DA:199,9
DA:204,6
DA:205,9
DA:209,204
DA:211,12
DA:212,9
DA:213,105
DA:215,15
DA:232,27
DA:233,54
DA:234,1
DA:237,78
DA:238,222
DA:240,104
DA:245,52
DA:246,78
DA:248,130
LF:87
LH:86
end_of_record
TN:
SF:/Users/leo/Code/djvu-rs/src/djvu_async.rs
FN:142,LazyDocument<R>::from_async_reader_lazy
FN:184,LazyDocument<R>::page_count
FN:189,LazyDocument<R>::page_async
FN:216,LazyDocument<R>::shared_djbz
FN:243,LazyDocument<R>::read_page_bytes
FN:265,from_async_reader_lazy
FN:281,from_async_reader_lazy_local
FN:284,index_bundled_djvm
FN:324,parse_lazy_dirm
FN:369,load_document_async_streaming
FN:454,render_progressive_stream
FNF:11
FNDA:22,LazyDocument<R>::from_async_reader_lazy
FNDA:5,LazyDocument<R>::page_count
FNDA:10,LazyDocument<R>::page_async
FNDA:2,LazyDocument<R>::shared_djbz
FNDA:8,LazyDocument<R>::read_page_bytes
FNDA:11,from_async_reader_lazy
FNDA:0,from_async_reader_lazy_local
FNDA:7,index_bundled_djvm
FNDA:5,parse_lazy_dirm
FNDA:5,load_document_async_streaming
FNDA:3,render_progressive_stream
DA:142,22
DA:143,44
DA:144,33
DA:146,22
DA:147,33
DA:148,21
DA:149,1
DA:152,20
DA:153,22
DA:154,4
DA:155,8
DA:156,17
DA:158,1
DA:159,1
DA:163,12
DA:164,1
DA:165,1
DA:169,157
DA:170,10
DA:172,20
DA:174,5
DA:175,20
DA:176,10
DA:177,10
DA:178,5
DA:179,5
DA:184,5
DA:185,10
DA:189,10
DA:190,14
DA:191,10
DA:192,5
DA:193,10
DA:194,10
DA:195,5
DA:199,4
DA:200,7
DA:201,12
DA:202,9
DA:203,40
DA:205,3
DA:207,2
DA:209,15
DA:210,3
DA:212,4
DA:216,2
DA:217,3
DA:218,1
DA:219,2
DA:220,1
DA:221,2
DA:222,2
DA:223,3
DA:224,2
DA:225,1
DA:226,2
DA:227,2
DA:228,1
DA:229,4
DA:230,3
DA:231,1
DA:232,0
DA:234,6
DA:235,1
DA:237,2
DA:239,1
DA:243,8
DA:244,20
DA:245,4
DA:246,16
DA:247,7
DA:251,6
DA:253,8
DA:254,8
DA:255,12
DA:256,8
DA:257,12
DA:258,4
DA:265,11
DA:269,22
DA:281,0
DA:284,7
DA:290,14
DA:291,21
DA:292,7
DA:293,1
[...]
FN:704,resolve_bookmark_dest
FN:751,<impl Default for PdfOptions>::default
FN:761,PdfOptions::archival
FN:772,djvu_to_pdf_with_options
FN:792,djvu_to_pdf
FN:796,djvu_to_pdf_impl
FNF:32
FNDA:21,PdfWriter::new
FNDA:604,PdfWriter::alloc_id
FNDA:601,PdfWriter::add_obj
FNDA:543,PdfWriter::add
FNDA:20,PdfWriter::serialize
FNDA:404,make_stream
FNDA:272,deflate
FNDA:271,make_deflate_stream
FNDA:132,encode_rgb_to_jpeg
FNDA:132,make_dct_stream
FNDA:18,font_dict
FNDA:3484,px_to_pt
FNDA:138,render_dims
FNDA:139,render_page_data
FNDA:139,render_rgb_for_pdf
FNDA:140,collect_mask_stream
FNDA:223,collect_link_annot_bodies
FNDA:138,emit_page_objects
FNDA:140,build_text_content
FNDA:745,emit_word_span
FNDA:3877,helvetica_advance
FNDA:813,pdf_escape_string
FNDA:56,shape_to_pdf_rect
FNDA:18,build_outline
FNDA:7,build_outline_items
FNDA:15,count_outline_items
FNDA:15,resolve_bookmark_dest
FNDA:11,<impl Default for PdfOptions>::default
FNDA:2,PdfOptions::archival
FNDA:8,djvu_to_pdf_with_options
FNDA:9,djvu_to_pdf
FNDA:17,djvu_to_pdf_impl
DA:60,21
DA:62,21
DA:68,604
DA:69,1208
DA:70,604
DA:71,604
DA:75,601
DA:76,1803
DA:80,543
DA:81,1629
DA:82,2172
DA:83,543
DA:87,20
DA:88,60
DA:89,60
DA:91,60
DA:92,1823
DA:93,3005
DA:94,3005
DA:95,2404
DA:96,1202
DA:100,60
DA:101,100
DA:102,100
DA:103,60
DA:105,80
DA:106,1823
DA:107,1202
DA:108,601
DA:111,641
DA:112,601
DA:113,1202
DA:114,2404
DA:116,0
DA:120,40
DA:121,40
DA:122,40
DA:123,20
DA:124,20
DA:126,20
DA:129,20
DA:134,404
DA:135,1212
DA:136,1616
DA:137,1212
DA:138,1212
DA:139,404
DA:143,272
DA:144,544
DA:148,271
DA:149,813
DA:150,813
DA:151,813
DA:159,132
DA:161,264
DA:162,528
DA:165,660
DA:166,132
DA:170,132
DA:171,396
DA:172,396
DA:179,18
DA:180,36
DA:188,3484
DA:189,3484
DA:198,138
DA:199,414
DA:201,274
DA:202,26
DA:204,375
DA:237,139
DA:238,278
DA:239,278
DA:240,417
DA:241,556
DA:242,556
DA:244,934
DA:246,415
DA:248,6
DA:249,2
DA:251,548
DA:261,822
DA:263,272
DA:267,272
DA:268,131
DA:269,786
DA:270,262
DA:271,0
DA:273,393
DA:276,15
DA:279,408
DA:280,136
DA:283,690
DA:284,690
DA:286,138
DA:287,276
DA:288,276
DA:289,276
DA:290,276
DA:291,276
DA:292,138
DA:293,138
DA:297,139
DA:303,417
DA:304,173211
DA:305,518382
DA:307,138
DA:311,140
DA:312,560
DA:313,254
DA:315,127
DA:316,762
DA:317,254
DA:318,254
DA:321,254
DA:325,254
DA:329,223
DA:330,445
DA:331,444
DA:332,1
DA:334,222
DA:336,272
DA:337,250
DA:338,150
DA:339,50
DA:340,100
DA:341,50
DA:342,50
DA:343,50
DA:344,50
DA:345,50
DA:347,50
DA:354,138
DA:360,276
DA:361,276
DA:363,828
DA:364,786
DA:366,276
DA:368,138
DA:370,6
DA:371,8
DA:372,6
DA:375,408
DA:376,408
DA:378,396
DA:379,372
DA:380,124
DA:385,258
DA:386,240
DA:389,552
DA:390,552
DA:392,276
DA:393,414
DA:394,414
DA:396,386
DA:397,372
DA:399,414
DA:400,258
DA:401,360
DA:404,414
DA:405,138
DA:407,141
DA:409,276
DA:410,138
DA:411,3
DA:412,4
DA:413,3
DA:415,3
DA:418,276
DA:419,138
DA:420,138
DA:421,138
DA:422,138
DA:423,138
DA:425,138
DA:430,140
DA:431,403
DA:432,246
DA:433,17
DA:436,246
DA:438,369
DA:440,369
DA:442,369
DA:445,1732
DA:446,3715
DA:449,369
DA:451,123
DA:453,2
DA:456,121
DA:465,745
DA:466,2980
DA:467,2980
DA:468,2980
DA:469,2980
DA:471,1489
DA:472,1
DA:476,1488
DA:477,744
DA:478,1
DA:482,2229
DA:484,2229
DA:486,12338
DA:489,1486
DA:490,719
DA:492,24
DA:495,2229
DA:496,743
DA:498,1448
DA:499,2115
DA:501,2229
DA:510,3877
DA:511,7754
DA:512,3877
DA:514,4569
DA:516,572
DA:518,2620
DA:520,91
DA:521,47
DA:522,5
DA:523,21
DA:525,3172
DA:527,2557
DA:530,43
DA:557,2
DA:560,39
DA:567,813
DA:568,3252
DA:569,6283
DA:570,4638
DA:571,9
DA:572,9
DA:573,39
DA:574,32436
DA:576,6
DA:579,6
DA:583,813
DA:595,56
DA:596,168
DA:597,220
DA:598,220
DA:599,220
DA:600,220
DA:601,165
DA:608,18
DA:613,36
DA:614,16
DA:617,6
DA:620,12
DA:622,4
DA:623,0
DA:626,4
DA:627,4
DA:628,6
DA:630,4
DA:631,2
DA:632,4
DA:633,2
DA:636,2
DA:640,7
DA:646,14
DA:648,22
DA:649,20
DA:650,10
DA:653,31
DA:654,10
DA:655,10
DA:656,6
DA:658,3
DA:660,15
DA:661,6
DA:663,3
DA:667,20
DA:670,30
DA:671,10
DA:672,2
DA:673,2
DA:674,3
DA:675,2
DA:677,4
DA:680,15
DA:681,10
DA:682,5
DA:683,5
DA:684,5
DA:686,5
DA:690,7
DA:694,15
DA:695,45
DA:696,45
DA:697,10
DA:699,15
DA:704,15
DA:705,24
DA:706,26
DA:708,16
DA:712,7
DA:713,15
DA:714,10
DA:717,2
DA:751,11
DA:753,11
DA:761,2
DA:763,2
DA:772,8
DA:776,24
DA:792,9
DA:793,27
DA:796,17
DA:797,34
DA:800,51
DA:801,51
DA:804,51
DA:805,68
DA:807,51
DA:825,51
DA:826,156
DA:827,417
DA:828,139
DA:829,695
DA:834,51
DA:835,329
DA:836,278
DA:837,828
DA:840,4
DA:841,3
DA:842,4
DA:843,4
DA:844,2
DA:845,1
DA:846,1
DA:847,1
DA:848,1
DA:850,1
DA:854,417
DA:858,85
DA:861,34
DA:863,295
DA:866,51
DA:867,34
DA:868,17
DA:869,51
DA:873,34
DA:874,3
DA:875,16
DA:877,34
DA:878,17
DA:879,51
DA:882,17
LF:348
LH:345
end_of_record
TN:
SF:/Users/leo/Code/djvu-rs/src/pixmap.rs
FN:15,lanczos3_kernel
FN:37,scale_lanczos3
FNF:2
FNDA:921964,lanczos3_kernel
FNDA:7,scale_lanczos3
DA:15,921964
DA:16,2765892
DA:17,921964
DA:18,80643
DA:20,841321
DA:21,1
DA:23,1682640
DA:24,2523960
DA:25,1682640
DA:26,2523960
DA:27,841320
DA:37,7
DA:38,14
DA:39,14
DA:42,8
DA:43,2
DA:45,11
DA:46,10
DA:52,8
DA:53,8
DA:55,16
DA:56,584
DA:57,47980
DA:59,94800
DA:60,142200
DA:61,189600
DA:63,94800
DA:64,94800
DA:65,94800
DA:66,94800
DA:68,1378560
DA:69,3209400
DA:70,4493160
DA:71,1283760
DA:72,1283760
DA:73,641880
DA:74,641880
DA:77,142200
DA:78,94800
DA:79,47400
DA:80,47400
DA:81,94800
DA:82,94800
DA:83,94800
DA:89,8
DA:90,8
DA:92,16
DA:93,294
DA:94,580
DA:95,870
DA:96,1160
DA:98,23990
DA:99,47400
DA:100,47400
DA:101,47400
DA:102,47400
DA:104,607560
DA:105,1400400
DA:106,1960560
DA:107,560160
DA:108,560160
DA:109,280080
DA:110,280080
DA:113,71100
DA:114,47400
DA:115,23700
DA:116,23700
DA:117,47400
DA:118,47400
DA:119,47400
DA:124,4
LF:71
LH:71
end_of_record
TN:
SF:/Users/leo/Code/djvu-rs/src/png_io.rs
FN:15,decode_png_to_pixmap
FNF:1
FNDA:10,decode_png_to_pixmap
DA:15,10
DA:16,48
DA:17,32
DA:18,24
DA:19,24
DA:20,16
DA:21,16
DA:22,16
DA:23,16
DA:24,32
DA:25,32
DA:26,32
DA:28,8
DA:29,2
DA:30,2
DA:31,2
DA:32,1
DA:34,1
DA:37,21
DA:38,7
DA:39,3
DA:41,24
DA:42,36
DA:46,4
DA:47,3
DA:48,5
DA:52,4
DA:53,4
DA:57,4
DA:61,6
DA:62,12
DA:63,6
DA:64,6
LF:33
LH:33
end_of_record
TN:
SF:/Users/leo/Code/djvu-rs/src/segment.rs
FN:50,<impl Default for SegmentOptions>::default
FN:80,ColorAccum::add
FN:87,ColorAccum::color
FN:100,luminance
FN:107,segment_page
FN:154,luminance_plane
FN:165,fill_fixed_mask
FN:177,fill_sauvola_mask
FN:206,integral_luma
FN:228,rect_sum
FN:235,block_mean
FN:257,inpaint_block_mean
FNF:12
FNDA:19,<impl Default for SegmentOptions>::default
FNDA:17938,ColorAccum::add
FNDA:298,ColorAccum::color
FNDA:19049,luminance
FNDA:19,segment_page
FNDA:3,luminance_plane
FNDA:15,fill_fixed_mask
FNDA:3,fill_sauvola_mask
FNDA:3,integral_luma
FNDA:4864,rect_sum
FNDA:296,block_mean
FNDA:2,inpaint_block_mean
DA:50,19
DA:80,17938
DA:81,17938
DA:82,17938
DA:83,17938
DA:84,17938
DA:87,298
DA:88,298
DA:89,28
DA:91,270
DA:92,540
DA:93,540
DA:94,270
DA:100,19049
DA:101,19049
DA:107,19
DA:108,38
DA:109,38
DA:110,57
DA:112,76
DA:113,37
DA:114,1
DA:115,1
DA:116,1
DA:120,18
DA:121,60
DA:122,9
DA:123,12
DA:124,18
DA:128,72
DA:129,72
DA:130,72
DA:132,67
DA:133,98
DA:134,196
DA:135,319
DA:136,540
DA:137,1080
DA:139,2160
DA:140,297
DA:141,27
DA:142,43
DA:143,27
DA:145,452
DA:146,540
DA:147,1890
DA:154,3
DA:155,9
DA:156,59
DA:157,4920
DA:158,17024
DA:159,12160
DA:162,3
DA:165,15
DA:166,45
DA:167,343
DA:168,16945
DA:169,99702
DA:170,85057
DA:171,5916
DA:177,3
DA:178,9
DA:179,6
DA:180,12
DA:181,9
DA:182,15
DA:183,6
DA:185,59
DA:186,224
DA:187,224
DA:188,2488
DA:189,9728
DA:190,9728
DA:191,9728
DA:192,17024
DA:193,17024
DA:194,4864
DA:195,9728
DA:196,7296
DA:197,9728
DA:198,4864
DA:199,5174
DA:200,930
DA:206,3
DA:207,6
DA:208,6
DA:209,9
DA:210,9
DA:212,59
DA:213,112
DA:214,112
DA:215,4920
DA:216,9728
DA:217,4864
DA:218,4864
DA:219,7296
DA:220,9728
DA:221,7296
DA:225,3
DA:228,4864
DA:229,34048
DA:230,19456
DA:231,9728
DA:232,4864
DA:235,296
DA:244,592
DA:245,2867
DA:246,24754
DA:247,96400
DA:248,2282
DA:250,107532
DA:251,89610
DA:254,592
DA:257,2
DA:266,8
DA:267,4
DA:268,8
DA:269,8
DA:270,8
DA:271,8
DA:272,4
DA:274,6
DA:275,7
DA:276,12
DA:277,12
DA:278,9
DA:279,2
DA:281,2
DA:282,4
DA:283,2
DA:284,4
DA:285,6
DA:286,24
DA:287,64
DA:288,112
DA:289,64
DA:296,3
DA:297,1
DA:300,1
LF:139
LH:139
end_of_record
TN:
SF:/Users/leo/Code/djvu-rs/src/sexp.rs
FN:50,parse_sexprs
FN:63,tokenize
FN:133,parse_one
FNF:3
FNDA:58,parse_sexprs
FNDA:58,tokenize
FNDA:31320,parse_one
DA:50,58
DA:51,174
DA:52,116
DA:53,116
DA:54,20474
DA:55,20576
DA:56,218
DA:59,58
DA:63,58
DA:64,116
DA:65,174
DA:66,116
DA:68,45038
DA:69,44922
DA:70,10460
DA:71,31380
DA:72,10460
DA:74,10458
DA:75,31374
DA:76,10458
DA:79,171
DA:80,342
DA:81,2398
DA:82,3591
DA:83,36
DA:84,9
DA:85,36
DA:86,18
DA:88,9
DA:91,169
DA:92,169
DA:94,2038
DA:95,3057
DA:96,1019
DA:98,0
DA:101,513
DA:103,822
DA:104,822
DA:108,59
DA:109,11
DA:113,1098
DA:114,5440
DA:115,5438
DA:117,548
DA:118,2171
DA:121,2196
DA:122,549
DA:124,1098
DA:130,58
DA:133,31320
DA:134,31320
DA:135,10070
DA:137,63750
DA:139,10460
DA:140,20920
DA:142,64593
DA:144,388
DA:145,388
DA:147,2
DA:149,85565
DA:150,22142
DA:152,10070
DA:157,10460
DA:161,10070
DA:162,10070
DA:164,549
DA:165,1647
DA:166,549
DA:167,549
DA:169,171
DA:170,513
DA:171,171
DA:172,171
DA:174,0
LF:74
LH:72
end_of_record
TN:
SF:/Users/leo/Code/djvu-rs/src/smmr.rs
FN:31,<impl Display for SmmrError>::fmt
FN:245,BitReader<'a>::new
FN:254,BitReader<'a>::peek32
FN:279,BitReader<'a>::consume
FN:292,BitReader<'a>::is_empty
FN:299,decode_white_run
FN:328,decode_black_run
FN:363,find_b1
FN:384,find_b2
FN:404,decode_row_pixels
FN:496,decode_smmr
FN:528,push_bits
FN:534,emit_white
FN:551,emit_black
FN:594,encode_smmr
FNF:15
FNDA:3,<impl Display for SmmrError>::fmt
FNDA:29,BitReader<'a>::new
FNDA:2611,BitReader<'a>::peek32
FNDA:1589,BitReader<'a>::consume
FNDA:84,BitReader<'a>::is_empty
FNDA:517,decode_white_run
FNDA:515,decode_black_run
FNDA:545,find_b1
FNDA:545,find_b2
FNDA:83,decode_row_pixels
FNDA:33,decode_smmr
FNDA:1565,push_bits
FNDA:505,emit_white
FNDA:505,emit_black
FNDA:16,encode_smmr
DA:31,3
DA:32,3
DA:33,3
DA:34,3
DA:35,3
DA:245,29
DA:254,2611
DA:255,7833
DA:256,5222
DA:257,5222
DA:258,5222
DA:259,15258
DA:260,25392
DA:261,49
DA:263,50588
DA:264,25294
DA:265,25294
DA:266,25294
DA:267,12647
DA:268,12647
DA:269,23009
DA:270,10362
DA:271,10362
DA:273,2285
DA:276,2611
DA:279,1589
DA:280,3178
DA:281,8078
DA:282,8652
DA:283,2163
DA:284,2163
DA:285,2919
DA:286,756
DA:287,756
DA:292,84
DA:293,168
DA:299,517
DA:300,1034
DA:302,1554
DA:303,518
DA:304,1
DA:306,1034
DA:307,55339
DA:308,41074
DA:309,30
DA:310,10
DA:311,10
DA:312,10
DA:315,1551
DA:316,6710
DA:317,4795
DA:318,1545
DA:319,515
DA:322,2
DA:323,1
DA:328,515
DA:329,1030
DA:331,1548
DA:332,516
DA:333,1
DA:335,1030
DA:336,55307
DA:337,40992
DA:338,24
DA:339,8
DA:340,8
DA:341,8
DA:344,1545
DA:345,4970
DA:346,3482
DA:347,1539
DA:348,513
DA:351,2
DA:352,1
DA:363,545
DA:364,1090
DA:367,1635
DA:368,545
DA:370,0
DA:372,1635
DA:374,545
DA:375,15566
DA:376,45063
DA:377,15405
DA:379,545
DA:380,1635
DA:384,545
DA:385,1090
DA:386,1090
DA:387,352
DA:389,738
DA:390,369
DA:392,1603
DA:393,1075
DA:394,1107
DA:404,83
DA:409,249
DA:412,249
DA:413,249
DA:415,622
DA:416,2725
DA:417,3270
DA:419,1635
DA:420,545
DA:421,1
DA:425,1087
DA:426,4
DA:428,8
DA:429,8
DA:430,2
DA:432,2
DA:436,1084
DA:437,1034
DA:438,1543
DA:439,2056
DA:441,12
DA:443,2052
DA:444,2052
DA:445,2052
DA:446,2052
DA:447,513
DA:449,513
DA:454,48
DA:455,2
DA:456,1
DA:457,47
DA:458,2
DA:459,1
DA:460,45
DA:461,2
DA:462,1
DA:463,43
DA:464,2
DA:465,1
DA:466,45
DA:467,4
DA:468,2
DA:469,44
DA:470,8
DA:471,4
DA:472,48
DA:473,28
DA:474,14
DA:477,1
DA:480,72
DA:482,144
DA:483,24
DA:484,24
DA:488,237
DA:490,79
DA:496,33
DA:497,33
DA:498,3
DA:500,90
DA:501,90
DA:502,120
DA:503,59
DA:504,1
DA:507,87
DA:508,87
DA:510,113
DA:511,168
DA:512,1
DA:514,415
DA:515,6888
DA:516,4556
DA:517,3573
DA:520,158
DA:523,25
DA:528,1565
DA:529,15834
DA:530,19056
DA:534,505
DA:535,516
DA:536,33
DA:537,33
DA:539,63
DA:541,44
DA:542,11
DA:544,1515
DA:546,3561
DA:548,2020
DA:551,505
DA:552,512
DA:553,21
DA:554,21
DA:556,25
DA:558,28
DA:559,7
DA:561,1515
DA:563,2655
DA:565,2020
DA:594,16
DA:595,32
DA:596,32
DA:597,48
DA:599,83
DA:600,134
DA:601,134
DA:602,572
DA:604,1010
DA:605,18471
DA:606,2687
DA:608,1010
DA:610,1010
DA:611,9133
DA:612,1146
DA:614,1010
DA:616,1010
DA:617,1010
DA:618,2020
DA:619,1010
DA:621,0
DA:622,0
DA:628,32
DA:629,32
DA:631,64
DA:632,48
DA:633,16
DA:634,16
DA:635,16
DA:636,16
DA:637,12736
DA:638,9235
DA:639,2883
DA:642,16
LF:226
LH:223
end_of_record
TN:
SF:/Users/leo/Code/djvu-rs/src/text.rs
FN:137,TextLayer::transform
FN:182,TextLayer::reflowable_text
FN:203,join_paragraph_lines
FN:231,Rect::rotate
FN:260,Rect::scale
FN:287,transform_zone
FN:307,parse_text_layer
FN:313,parse_text_layer_inner
FN:361,parse_zone
FN:487,extract_text_slice
FN:504,read_u24
FN:513,read_i16_biased
FN:522,read_i24
FNF:13
FNDA:129,TextLayer::transform
FNDA:6,TextLayer::reflowable_text
FNDA:11,join_paragraph_lines
FNDA:12877,Rect::rotate
FNDA:12879,Rect::scale
FNDA:12877,transform_zone
FNDA:262,parse_text_layer
FNDA:262,parse_text_layer_inner
FNDA:25881,parse_zone
FNDA:25885,extract_text_slice
FNDA:262,read_u24
FNDA:129395,read_i16_biased
FNDA:51757,read_i24
DA:137,129
DA:145,387
DA:146,4
DA:147,125
DA:158,903
DA:160,258
DA:182,6
DA:183,12
DA:184,20
DA:185,6
DA:186,12
DA:188,42
DA:190,54
DA:191,54
DA:193,28
DA:194,3
DA:196,33
DA:197,33
DA:199,6
DA:203,11
DA:204,22
DA:205,67
DA:206,17
DA:207,33
DA:208,11
DA:210,6
DA:211,16
DA:212,7
DA:213,3
DA:214,2
DA:216,15
DA:217,10
DA:220,11
DA:231,12877
DA:232,12877
DA:233,25744
DA:235,6
DA:236,6
DA:237,1
DA:238,1
DA:243,18
DA:244,6
DA:245,3
DA:246,3
DA:251,2
DA:252,6
DA:253,1
DA:254,1
DA:260,12879
DA:261,25757
DA:262,4
DA:265,25754
DA:266,25754
DA:267,25754
DA:268,12877
DA:287,12877
DA:288,77262
DA:289,90139
DA:290,89752
DA:292,25754
DA:294,25754
DA:307,262
DA:308,786
DA:313,262
DA:314,262
DA:315,2
DA:318,520
DA:321,1560
DA:324,1560
DA:325,520
DA:326,1
DA:328,1812
DA:329,260
DA:331,258
DA:334,773
DA:335,257
DA:339,516
DA:340,516
DA:341,2048
DA:342,759
DA:345,255
DA:361,25881
DA:369,51762
DA:370,1
DA:373,155280
DA:374,25880
DA:376,51759
DA:377,253
DA:378,2223
DA:379,2416
DA:380,3263
DA:381,4033
DA:382,13689
DA:383,2
DA:384,2
DA:387,155274
DA:388,155274
DA:389,155268
DA:390,155268
DA:391,155268
DA:392,155268
DA:395,39823
DA:396,13945
DA:397,1836
DA:399,3672
DA:400,3672
DA:402,12109
DA:404,12109
DA:405,12109
DA:408,13945
DA:409,35291
DA:410,23358
DA:411,23358
DA:412,11679
DA:417,77634
DA:418,103512
DA:419,25878
DA:420,51756
DA:421,51756
DA:422,51756
DA:432,51756
DA:433,51756
DA:434,129390
DA:436,103512
DA:437,51756
DA:438,25878
DA:449,77634
DA:450,77634
DA:452,25878
DA:454,25625
DA:455,25625
DA:456,25625
DA:457,51250
DA:458,25625
DA:459,25625
DA:461,25624
DA:462,51248
DA:463,25624
DA:466,102496
DA:468,51248
DA:469,51248
DA:470,25624
DA:471,25624
DA:473,76872
DA:476,25877
DA:477,51754
DA:478,51754
DA:479,25877
DA:480,25877
DA:487,25885
DA:488,181195
DA:489,103540
DA:491,51770
DA:493,103543
DA:495,77655
DA:496,103543
DA:497,77655
DA:498,77655
DA:504,262
DA:505,1048
DA:506,1048
DA:507,1048
DA:508,261
DA:509,261
DA:513,129395
DA:514,517580
DA:515,517576
DA:516,129393
DA:517,388179
DA:518,129393
DA:522,51757
DA:523,207028
DA:524,207028
DA:525,207028
DA:526,51757
DA:527,51757
LF:176
LH:176
end_of_record
TN:
SF:/Users/leo/Code/djvu-rs/src/text_encode.rs
FN:19,encode_text_layer
FN:44,encode_zone
FN:159,write_u24
FN:165,write_i16_biased
FN:171,write_i24
FNF:5
FNDA:7,encode_text_layer
FNDA:15,encode_zone
FNDA:7,write_u24
FNDA:75,write_i16_biased
FNDA:30,write_i24
DA:19,7
DA:20,21
DA:21,21
DA:24,21
DA:27,21
DA:30,21
DA:33,14
DA:36,21
DA:37,42
DA:40,7
DA:44,15
DA:53,30
DA:54,6
DA:55,1
DA:56,1
DA:57,1
DA:58,3
DA:59,2
DA:60,1
DA:62,45
DA:66,30
DA:67,60
DA:68,30
DA:69,30
DA:72,60
DA:73,30
DA:78,62
DA:79,2
DA:82,2
DA:83,3
DA:84,4
DA:88,3
DA:89,2
DA:90,4
DA:93,19
DA:94,12
DA:95,18
DA:96,18
DA:98,14
DA:102,45
DA:103,45
DA:104,45
DA:105,45
DA:106,45
DA:107,45
DA:110,45
DA:122,45
DA:123,39
DA:125,16
DA:126,16
DA:127,16
DA:128,24
DA:129,16
DA:130,16
DA:133,16
DA:134,32
DA:138,8
DA:139,16
DA:140,16
DA:141,16
DA:142,16
DA:143,8
DA:144,8
DA:159,7
DA:160,21
DA:161,21
DA:162,21
DA:165,75
DA:166,150
DA:167,225
DA:168,225
DA:171,30
DA:172,60
DA:173,90
DA:174,90
DA:175,90
LF:76
LH:76
end_of_record
TN:
SF:/Users/leo/Code/djvu-rs/src/text_serialize.rs
FN:95,to_hocr
FN:153,to_alto
FN:219,write_hocr_zones
FN:242,write_hocr_zone
FN:324,escape_markup
FN:339,write_alto_zones
FN:362,write_alto_zone
FNF:7
FNDA:5,to_hocr
FNDA:5,to_alto
FNDA:72,write_hocr_zones
FNDA:6470,write_hocr_zone
FNDA:6847,escape_markup
FNDA:72,write_alto_zones
FNDA:6470,write_alto_zone
DA:95,5
DA:96,10
DA:98,15
DA:99,15
DA:100,15
DA:101,15
DA:102,15
DA:103,5
DA:104,5
DA:107,15
DA:108,15
DA:110,81
DA:111,264
DA:112,198
DA:113,252
DA:114,6
DA:118,66
DA:119,66
DA:125,132
DA:127,198
DA:128,252
DA:130,6
DA:132,127
DA:133,244
DA:136,198
DA:139,15
DA:140,15
DA:142,5
DA:153,5
DA:154,10
DA:156,15
DA:157,5
DA:158,5
DA:161,5
DA:162,5
DA:165,5
DA:166,5
DA:169,15
DA:170,15
DA:171,15
DA:172,15
DA:173,15
DA:174,15
DA:175,15
DA:177,81
DA:178,264
DA:179,198
DA:180,252
DA:181,6
DA:184,66
DA:185,66
DA:191,66
DA:192,66
DA:198,198
DA:199,252
DA:201,6
DA:203,127
DA:204,244
DA:207,198
DA:208,198
DA:211,15
DA:212,15
DA:214,5
DA:219,72
DA:224,144
DA:225,144
DA:226,144
DA:228,216
DA:230,72
DA:231,72
DA:232,72
DA:233,72
DA:234,72
DA:235,72
DA:239,72
DA:242,6470
DA:251,25880
DA:252,12940
DA:253,32350
DA:255,6470
DA:258,1198
DA:259,4504
DA:263,2308
DA:264,1154
DA:265,1154
DA:266,1154
DA:270,3982
DA:271,11312
DA:273,3462
DA:276,1626
DA:277,813
DA:278,813
DA:279,813
DA:283,2823
DA:284,8040
DA:286,2439
DA:289,2018
DA:290,1009
DA:291,1009
DA:292,1009
DA:296,7841
DA:297,27328
DA:299,3027
DA:302,6842
DA:303,3421
DA:304,10263
DA:305,3421
DA:306,3421
DA:312,1
DA:316,6470
DA:324,6847
DA:325,13694
DA:326,10752
DA:327,6
DA:328,9
DA:329,3
DA:330,6
DA:331,144
DA:332,11547
DA:339,72
DA:344,144
DA:345,144
DA:346,144
DA:348,216
DA:350,72
DA:351,72
DA:352,72
DA:353,72
DA:354,72
DA:355,72
DA:359,72
DA:362,6470
DA:371,25880
DA:372,12940
DA:374,6470
DA:376,1196
DA:377,4496
DA:381,3934
DA:382,1967
DA:383,1967
DA:384,1967
DA:392,6805
DA:393,19352
DA:395,5901
DA:398,2020
DA:399,1010
DA:400,1010
DA:401,1010
DA:409,7844
DA:410,27336
DA:412,3030
DA:415,6840
DA:416,3420
DA:417,10260
DA:418,3420
DA:419,3420
DA:428,1
DA:432,6470
LF:158
LH:158
end_of_record
TN:
SF:/Users/leo/Code/djvu-rs/src/tiff_export.rs
FN:60,<impl From for TiffError>::from
FN:90,<impl Default for TiffOptions>::default
FN:106,djvu_to_tiff
FN:121,djvu_to_tiff_writer
FN:141,write_color_page
FN:156,color_render_options
FN:171,write_color_page_streaming
FN:227,write_color_page_pixmap
FN:249,write_bilevel_page
FN:269,extract_bilevel_pixels
FNF:10
FNDA:1,<impl From for TiffError>::from
FNDA:14,<impl Default for TiffOptions>::default
FNDA:13,djvu_to_tiff
FNDA:15,djvu_to_tiff_writer
FNDA:12,write_color_page
FNDA:14,color_render_options
FNDA:11,write_color_page_streaming
FNDA:1,write_color_page_pixmap
FNDA:3,write_bilevel_page
FNDA:4,extract_bilevel_pixels
DA:60,1
DA:61,1
DA:90,14
DA:106,13
DA:107,39
DA:109,39
DA:110,52
DA:112,13
DA:121,15
DA:126,45
DA:128,60
DA:129,60
DA:130,15
DA:131,48
DA:132,9
DA:135,15
DA:141,12
DA:146,60
DA:147,24
DA:149,36
DA:150,77
DA:152,7
DA:156,14
DA:157,28
DA:158,42
DA:168,28
DA:171,11
DA:179,55
DA:180,44
DA:182,22
DA:183,33
DA:184,33
DA:186,2601
DA:187,5136
DA:188,0
DA:191,7704
DA:193,5136
DA:194,0
DA:195,0
DA:196,0
DA:197,0
DA:199,0
DA:201,0
DA:204,5136
DA:205,22
DA:206,0
DA:207,0
DA:209,22
DA:210,11
DA:214,11
DA:215,0
DA:217,22
DA:218,0
DA:219,0
DA:223,22
DA:224,11
DA:227,1
DA:235,4
DA:236,3
DA:238,5
DA:239,4
DA:240,3
DA:241,1
DA:249,3
DA:253,6
DA:254,6
DA:257,15
DA:258,6
DA:259,15
DA:260,12
DA:261,9
DA:262,3
DA:269,4
DA:270,11
DA:271,6
DA:272,2
DA:275,6
DA:277,3
DA:279,15
DA:280,3
DA:283,9
DA:284,771
DA:285,148224
DA:286,1032192
DA:289,3
LF:85
LH:73
end_of_record
